Files: [File { inner: TypedObjectRef { inner: 0x609232651890, type: GDummyFile } }]
Defaults: {"Google Chrome": ["https://grafana.cloud.cian.tech", "https://sre-pager.cian.tech", "https://conf.cian.tech", "https://ci-gitea.cian.tech"], "FirefoxNightly": ["https://vk.com"]}
Browsers: [AppInfo { inner: TypedObjectRef { inner: 0x6092322af830, type: GDesktopAppInfo } }, AppInfo { inner: TypedObjectRef { inner: 0x6092322afaa0, type: GDesktopAppInfo } }, AppInfo { inner: TypedObjectRef { inner: 0x6092322afb70, type: GDesktopAppInfo } }]
Files: [File { inner: TypedObjectRef { inner: 0x5913ebded460, type: GDummyFile } }]
Defaults: {"FirefoxNightly": ["https://vk.com"], "Google Chrome": ["https://grafana.cloud.cian.tech", "https://sre-pager.cian.tech", "https://conf.cian.tech", "https://ci-gitea.cian.tech"]}
Browsers: [AppInfo { inner: TypedObjectRef { inner: 0x5913ebadf830, type: GDesktopAppInfo } }, AppInfo { inner: TypedObjectRef { inner: 0x5913ebadfaa0, type: GDesktopAppInfo } }, AppInfo { inner: TypedObjectRef { inner: 0x5913ebadfb70, type: GDesktopAppInfo } }]
File uri scheme Some("https")
Files: [File { inner: TypedObjectRef { inner: 0x616e839dbc60, type: GDummyFile } }]
Defaults: {"FirefoxNightly": ["https://vk.com"], "Google Chrome": ["https://grafana.cloud.cian.tech", "https://sre-pager.cian.tech", "https://conf.cian.tech", "https://ci-gitea.cian.tech"]}
Browsers: [AppInfo { inner: TypedObjectRef { inner: 0x616e835ef830, type: GDesktopAppInfo } }, AppInfo { inner: TypedObjectRef { inner: 0x616e835efaa0, type: GDesktopAppInfo } }, AppInfo { inner: TypedObjectRef { inner: 0x616e835efb70, type: GDesktopAppInfo } }]
File uri scheme Some("https")
Browser name: "Google Chrome"
Files: [File { inner: TypedObjectRef { inner: 0x57fc7f1cd960, type: GDaemonFile } }]
Defaults: {"FirefoxNightly": ["https://vk.com"], "Google Chrome": ["https://grafana.cloud.cian.tech", "https://sre-pager.cian.tech", "https://conf.cian.tech", "https://ci-gitea.cian.tech"]}
Browsers: [AppInfo { inner: TypedObjectRef { inner: 0x57fc7ed50030, type: GDesktopAppInfo } }, AppInfo { inner: TypedObjectRef { inner: 0x57fc7ed502a0, type: GDesktopAppInfo } }, AppInfo { inner: TypedObjectRef { inner: 0x57fc7ed50370, type: GDesktopAppInfo } }]
File uri scheme Some("http")
Browser name: "Google Chrome"
Browser name: "FirefoxNightly"
Browser name: "Nyxt"
Files: [File { inner: TypedObjectRef { inner: 0x5b8eaff99830, type: GDummyFile } }]
Defaults: {"Google Chrome": ["https://grafana.cloud.cian.tech", "https://sre-pager.cian.tech", "https://conf.cian.tech", "https://ci-gitea.cian.tech"], "FirefoxNightly": ["https://vk.com"]}
Browsers: [AppInfo { inner: TypedObjectRef { inner: 0x5b8eafc63030, type: GDesktopAppInfo } }, AppInfo { inner: TypedObjectRef { inner: 0x5b8eafc632a0, type: GDesktopAppInfo } }, AppInfo { inner: TypedObjectRef { inner: 0x5b8eafc63370, type: GDesktopAppInfo } }]
File uri scheme Some("https")
Browser name: "Google Chrome"
Files: [File { inner: TypedObjectRef { inner: 0x58412aefca90, type: GDummyFile } }]
Defaults: {"FirefoxNightly": ["https://vk.com"], "Google Chrome": ["https://grafana.cloud.cian.tech", "https://sre-pager.cian.tech", "https://conf.cian.tech", "https://ci-gitea.cian.tech"]}
Browsers: [AppInfo { inner: TypedObjectRef { inner: 0x58412abcb030, type: GDesktopAppInfo } }, AppInfo { inner: TypedObjectRef { inner: 0x58412abcb2a0, type: GDesktopAppInfo } }, AppInfo { inner: TypedObjectRef { inner: 0x58412abcb370, type: GDesktopAppInfo } }]
File uri scheme Some("https")
Browser name: "Google Chrome"
Browser name: "FirefoxNightly"
Browser name: "Nyxt"
Files: [File { inner: TypedObjectRef { inner: 0x626d472cac00, type: GDummyFile } }]
Defaults: {"FirefoxNightly": ["https://vk.com"], "Google Chrome": ["https://grafana.cloud.cian.tech", "https://sre-pager.cian.tech", "https://conf.cian.tech", "https://ci-gitea.cian.tech"]}
Browsers: [AppInfo { inner: TypedObjectRef { inner: 0x626d46e4f030, type: GDesktopAppInfo } }, AppInfo { inner: TypedObjectRef { inner: 0x626d46e4f2a0, type: GDesktopAppInfo } }, AppInfo { inner: TypedObjectRef { inner: 0x626d46e4f370, type: GDesktopAppInfo } }]
File uri scheme Some("https")
Browser name: "Google Chrome"
Files: [File { inner: TypedObjectRef { inner: 0x5f40ce22a830, type: GDummyFile } }]
Defaults: {"Google Chrome": ["https://grafana.cloud.cian.tech", "https://sre-pager.cian.tech", "https://conf.cian.tech", "https://ci-gitea.cian.tech"], "FirefoxNightly": ["https://vk.com"]}
Browsers: [AppInfo { inner: TypedObjectRef { inner: 0x5f40cddcd030, type: GDesktopAppInfo } }, AppInfo { inner: TypedObjectRef { inner: 0x5f40cddcd2a0, type: GDesktopAppInfo } }, AppInfo { inner: TypedObjectRef { inner: 0x5f40cddcd370, type: GDesktopAppInfo } }]
File uri scheme Some("https")
Browser name: "Google Chrome"
Browser name: "FirefoxNightly"
Browser name: "Nyxt"
Files: [File { inner: TypedObjectRef { inner: 0x5d277ae9cc90, type: GDummyFile } }]
Defaults: {"FirefoxNightly": ["https://vk.com"], "Google Chrome": ["https://grafana.cloud.cian.tech", "https://sre-pager.cian.tech", "https://conf.cian.tech", "https://ci-gitea.cian.tech", "https://meet.google.com"]}
Browsers: [AppInfo { inner: TypedObjectRef { inner: 0x5d277aa2d030, type: GDesktopAppInfo } }, AppInfo { inner: TypedObjectRef { inner: 0x5d277aa2d2a0, type: GDesktopAppInfo } }, AppInfo { inner: TypedObjectRef { inner: 0x5d277aa2d370, type: GDesktopAppInfo } }]
File uri scheme Some("https")
Browser name: "Google Chrome"
Files: [File { inner: TypedObjectRef { inner: 0x643632e60490, type: GDummyFile } }]
Defaults: {"Google Chrome": ["https://grafana.cloud.cian.tech", "https://sre-pager.cian.tech", "https://conf.cian.tech", "https://ci-gitea.cian.tech", "https://meet.google.com"], "FirefoxNightly": ["https://vk.com"]}
Browsers: [AppInfo { inner: TypedObjectRef { inner: 0x643632aca030, type: GDesktopAppInfo } }, AppInfo { inner: TypedObjectRef { inner: 0x643632aca2a0, type: GDesktopAppInfo } }, AppInfo { inner: TypedObjectRef { inner: 0x643632aca370, type: GDesktopAppInfo } }]
File uri scheme Some("https")
Browser name: "Google Chrome"
Files: [File { inner: TypedObjectRef { inner: 0x631735643090, type: GDummyFile } }]
Defaults: {"FirefoxNightly": ["https://vk.com"], "Google Chrome": ["https://grafana.cloud.cian.tech", "https://sre-pager.cian.tech", "https://conf.cian.tech", "https://ci-gitea.cian.tech", "https://meet.google.com"]}
Browsers: [AppInfo { inner: TypedObjectRef { inner: 0x6317352db030, type: GDesktopAppInfo } }, AppInfo { inner: TypedObjectRef { inner: 0x6317352db2a0, type: GDesktopAppInfo } }, AppInfo { inner: TypedObjectRef { inner: 0x6317352db370, type: GDesktopAppInfo } }]
File uri scheme Some("https")
Browser name: "Google Chrome"
Files: [File { inner: TypedObjectRef { inner: 0x57fbdfd7e690, type: GDummyFile } }]
Defaults: {"Google Chrome": ["https://grafana.cloud.cian.tech", "https://sre-pager.cian.tech", "https://conf.cian.tech", "https://ci-gitea.cian.tech", "https://meet.google.com"], "FirefoxNightly": ["https://vk.com"]}
Browsers: [AppInfo { inner: TypedObjectRef { inner: 0x57fbdf910030, type: GDesktopAppInfo } }, AppInfo { inner: TypedObjectRef { inner: 0x57fbdf9102a0, type: GDesktopAppInfo } }, AppInfo { inner: TypedObjectRef { inner: 0x57fbdf910370, type: GDesktopAppInfo } }]
File uri scheme Some("https")
Browser name: "Google Chrome"
Files: [File { inner: TypedObjectRef { inner: 0x5f48bb5a0e00, type: GDummyFile } }]
Defaults: {"Google Chrome": ["https://grafana.cloud.cian.tech", "https://sre-pager.cian.tech", "https://conf.cian.tech", "https://ci-gitea.cian.tech", "https://meet.google.com"], "FirefoxNightly": ["https://vk.com"]}
Browsers: [AppInfo { inner: TypedObjectRef { inner: 0x5f48bb295030, type: GDesktopAppInfo } }, AppInfo { inner: TypedObjectRef { inner: 0x5f48bb2952a0, type: GDesktopAppInfo } }, AppInfo { inner: TypedObjectRef { inner: 0x5f48bb295370, type: GDesktopAppInfo } }]
File uri scheme Some("https")
Browser name: "Google Chrome"
Browser name: "FirefoxNightly"
Browser name: "Nyxt"
Files: [File { inner: TypedObjectRef { inner: 0x56d3fc1d8460, type: GDummyFile } }]
Defaults: {"Google Chrome": ["https://grafana.cloud.cian.tech", "https://sre-pager.cian.tech", "https://conf.cian.tech", "https://ci-gitea.cian.tech", "https://meet.google.com", "https://jira.cian.tech"], "FirefoxNightly": ["https://vk.com"]}
Browsers: [AppInfo { inner: TypedObjectRef { inner: 0x56d3fbe39030, type: GDesktopAppInfo } }, AppInfo { inner: TypedObjectRef { inner: 0x56d3fbe392a0, type: GDesktopAppInfo } }, AppInfo { inner: TypedObjectRef { inner: 0x56d3fbe39370, type: GDesktopAppInfo } }]
File uri scheme Some("https")
Browser name: "Google Chrome"
Files: [File { inner: TypedObjectRef { inner: 0x653268f6a490, type: GDummyFile } }]
Defaults: {"Google Chrome": ["https://grafana.cloud.cian.tech", "https://sre-pager.cian.tech", "https://conf.cian.tech", "https://ci-gitea.cian.tech", "https://meet.google.com", "https://jira.cian.tech"], "FirefoxNightly": ["https://vk.com"]}
Browsers: [AppInfo { inner: TypedObjectRef { inner: 0x653268b8d030, type: GDesktopAppInfo } }, AppInfo { inner: TypedObjectRef { inner: 0x653268b8d2a0, type: GDesktopAppInfo } }, AppInfo { inner: TypedObjectRef { inner: 0x653268b8d370, type: GDesktopAppInfo } }]
File uri scheme Some("https")
Browser name: "Google Chrome"
Files: [File { inner: TypedObjectRef { inner: 0x646d424344c0, type: GDummyFile } }]
Defaults: {"Google Chrome": ["https://grafana.cloud.cian.tech", "https://sre-pager.cian.tech", "https://conf.cian.tech", "https://ci-gitea.cian.tech", "https://meet.google.com", "https://jira.cian.tech"], "FirefoxNightly": ["https://vk.com"]}
Browsers: [AppInfo { inner: TypedObjectRef { inner: 0x646d42137030, type: GDesktopAppInfo } }, AppInfo { inner: TypedObjectRef { inner: 0x646d421372a0, type: GDesktopAppInfo } }, AppInfo { inner: TypedObjectRef { inner: 0x646d42137370, type: GDesktopAppInfo } }]
File uri scheme Some("https")
Browser name: "Google Chrome"
Files: [File { inner: TypedObjectRef { inner: 0x598689a64860, type: GDummyFile } }]
Defaults: {"FirefoxNightly": ["https://vk.com"], "Google Chrome": ["https://grafana.cloud.cian.tech", "https://sre-pager.cian.tech", "https://conf.cian.tech", "https://ci-gitea.cian.tech", "https://meet.google.com", "https://jira.cian.tech"]}
Browsers: [AppInfo { inner: TypedObjectRef { inner: 0x598689735030, type: GDesktopAppInfo } }, AppInfo { inner: TypedObjectRef { inner: 0x5986897352a0, type: GDesktopAppInfo } }, AppInfo { inner: TypedObjectRef { inner: 0x598689735370, type: GDesktopAppInfo } }]
File uri scheme Some("https")
Browser name: "Google Chrome"
Files: [File { inner: TypedObjectRef { inner: 0x58e1992eda60, type: GDummyFile } }]
Defaults: {"FirefoxNightly": ["https://vk.com"], "Google Chrome": ["https://grafana.cloud.cian.tech", "https://sre-pager.cian.tech", "https://conf.cian.tech", "https://ci-gitea.cian.tech", "https://meet.google.com", "https://jira.cian.tech"]}
Browsers: [AppInfo { inner: TypedObjectRef { inner: 0x58e198fec030, type: GDesktopAppInfo } }, AppInfo { inner: TypedObjectRef { inner: 0x58e198fec2a0, type: GDesktopAppInfo } }, AppInfo { inner: TypedObjectRef { inner: 0x58e198fec370, type: GDesktopAppInfo } }]
File uri scheme Some("https")
Browser name: "Google Chrome"
Files: [File { inner: TypedObjectRef { inner: 0x630586eec090, type: GDummyFile } }]
Defaults: {"Google Chrome": ["https://grafana.cloud.cian.tech", "https://sre-pager.cian.tech", "https://conf.cian.tech", "https://ci-gitea.cian.tech", "https://meet.google.com", "https://jira.cian.tech"], "FirefoxNightly": ["https://vk.com"]}
Browsers: [AppInfo { inner: TypedObjectRef { inner: 0x630586b91030, type: GDesktopAppInfo } }, AppInfo { inner: TypedObjectRef { inner: 0x630586b912a0, type: GDesktopAppInfo } }, AppInfo { inner: TypedObjectRef { inner: 0x630586b91370, type: GDesktopAppInfo } }]
File uri scheme Some("https")
Browser name: "Google Chrome"
Files: [File { inner: TypedObjectRef { inner: 0x6326463e9690, type: GDummyFile } }]
Defaults: {"Google Chrome": ["https://grafana.cloud.cian.tech", "https://sre-pager.cian.tech", "https://conf.cian.tech", "https://ci-gitea.cian.tech", "https://meet.google.com", "https://jira.cian.tech"], "FirefoxNightly": ["https://vk.com"]}
Browsers: [AppInfo { inner: TypedObjectRef { inner: 0x632645fdb030, type: GDesktopAppInfo } }, AppInfo { inner: TypedObjectRef { inner: 0x632645fdb2a0, type: GDesktopAppInfo } }, AppInfo { inner: TypedObjectRef { inner: 0x632645fdb370, type: GDesktopAppInfo } }]
File uri scheme Some("https")
Browser name: "Google Chrome"
Browser name: "FirefoxNightly"
Browser name: "Nyxt"
Files: [File { inner: TypedObjectRef { inner: 0x589df660ba60, type: GDummyFile } }]
Defaults: {"FirefoxNightly": ["https://vk.com"], "Google Chrome": ["https://grafana.cloud.cian.tech", "https://sre-pager.cian.tech", "https://conf.cian.tech", "https://ci-gitea.cian.tech", "https://meet.google.com", "https://jira.cian.tech"]}
Browsers: [AppInfo { inner: TypedObjectRef { inner: 0x589df62dc030, type: GDesktopAppInfo } }, AppInfo { inner: TypedObjectRef { inner: 0x589df62dc2a0, type: GDesktopAppInfo } }, AppInfo { inner: TypedObjectRef { inner: 0x589df62dc370, type: GDesktopAppInfo } }]
File uri scheme Some("https")
Browser name: "Google Chrome"
Files: [File { inner: TypedObjectRef { inner: 0x5bb6b1457490, type: GDummyFile } }]
Defaults: {"Google Chrome": ["https://grafana.cloud.cian.tech", "https://sre-pager.cian.tech", "https://conf.cian.tech", "https://ci-gitea.cian.tech", "https://meet.google.com", "https://jira.cian.tech"], "FirefoxNightly": ["https://vk.com"]}
Browsers: [AppInfo { inner: TypedObjectRef { inner: 0x5bb6b1012030, type: GDesktopAppInfo } }, AppInfo { inner: TypedObjectRef { inner: 0x5bb6b10122a0, type: GDesktopAppInfo } }, AppInfo { inner: TypedObjectRef { inner: 0x5bb6b1012370, type: GDesktopAppInfo } }]
File uri scheme Some("https")
Browser name: "Google Chrome"
Files: [File { inner: TypedObjectRef { inner: 0x61dd9dcc74c0, type: GDummyFile } }]
Defaults: {"FirefoxNightly": ["https://vk.com"], "Google Chrome": ["https://grafana.cloud.cian.tech", "https://sre-pager.cian.tech", "https://conf.cian.tech", "https://ci-gitea.cian.tech", "https://meet.google.com", "https://jira.cian.tech"]}
Browsers: [AppInfo { inner: TypedObjectRef { inner: 0x61dd9d875030, type: GDesktopAppInfo } }, AppInfo { inner: TypedObjectRef { inner: 0x61dd9d8752a0, type: GDesktopAppInfo } }, AppInfo { inner: TypedObjectRef { inner: 0x61dd9d875370, type: GDesktopAppInfo } }]
File uri scheme Some("https")
Browser name: "Google Chrome"
Files: [File { inner: TypedObjectRef { inner: 0x5ced6d16f260, type: GDummyFile } }]
Defaults: {"FirefoxNightly": ["https://vk.com"], "Google Chrome": ["https://grafana.cloud.cian.tech", "https://sre-pager.cian.tech", "https://conf.cian.tech", "https://ci-gitea.cian.tech", "https://meet.google.com", "https://jira.cian.tech"]}
Browsers: [AppInfo { inner: TypedObjectRef { inner: 0x5ced6ce05030, type: GDesktopAppInfo } }, AppInfo { inner: TypedObjectRef { inner: 0x5ced6ce052a0, type: GDesktopAppInfo } }, AppInfo { inner: TypedObjectRef { inner: 0x5ced6ce05370, type: GDesktopAppInfo } }]
File uri scheme Some("https")
Browser name: "Google Chrome"
Files: [File { inner: TypedObjectRef { inner: 0x5621c3420230, type: GDummyFile } }]
Defaults: {"Google Chrome": ["https://grafana.cloud.cian.tech", "https://sre-pager.cian.tech", "https://conf.cian.tech", "https://ci-gitea.cian.tech", "https://meet.google.com", "https://jira.cian.tech"], "FirefoxNightly": ["https://vk.com"]}
Browsers: [AppInfo { inner: TypedObjectRef { inner: 0x5621c2fba030, type: GDesktopAppInfo } }, AppInfo { inner: TypedObjectRef { inner: 0x5621c2fba2a0, type: GDesktopAppInfo } }, AppInfo { inner: TypedObjectRef { inner: 0x5621c2fba370, type: GDesktopAppInfo } }]
File uri scheme Some("https")
Browser name: "Google Chrome"
Files: [File { inner: TypedObjectRef { inner: 0x5efb22f42090, type: GDummyFile } }]
Defaults: {"FirefoxNightly": ["https://vk.com"], "Google Chrome": ["https://grafana.cloud.cian.tech", "https://sre-pager.cian.tech", "https://conf.cian.tech", "https://ci-gitea.cian.tech", "https://meet.google.com", "https://jira.cian.tech"]}
Browsers: [AppInfo { inner: TypedObjectRef { inner: 0x5efb22ac8030, type: GDesktopAppInfo } }, AppInfo { inner: TypedObjectRef { inner: 0x5efb22ac82a0, type: GDesktopAppInfo } }, AppInfo { inner: TypedObjectRef { inner: 0x5efb22ac8370, type: GDesktopAppInfo } }]
File uri scheme Some("https")
Browser name: "Google Chrome"
Files: [File { inner: TypedObjectRef { inner: 0x622b0db26e40, type: GDaemonFile } }]
Defaults: {"FirefoxNightly": ["https://vk.com"], "Google Chrome": ["https://grafana.cloud.cian.tech", "https://sre-pager.cian.tech", "https://conf.cian.tech", "https://ci-gitea.cian.tech", "https://meet.google.com", "https://jira.cian.tech"]}
Browsers: [AppInfo { inner: TypedObjectRef { inner: 0x622b0d80a030, type: GDesktopAppInfo } }, AppInfo { inner: TypedObjectRef { inner: 0x622b0d80a2a0, type: GDesktopAppInfo } }, AppInfo { inner: TypedObjectRef { inner: 0x622b0d80a370, type: GDesktopAppInfo } }]
File uri scheme Some("http")
Browser name: "Google Chrome"
Browser name: "FirefoxNightly"
Browser name: "Nyxt"
Files: [File { inner: TypedObjectRef { inner: 0x5dff3a1fdac0, type: GDaemonFile } }]
Defaults: {"Google Chrome": ["https://grafana.cloud.cian.tech", "https://sre-pager.cian.tech", "https://conf.cian.tech", "https://ci-gitea.cian.tech", "https://meet.google.com", "https://jira.cian.tech"], "FirefoxNightly": ["https://vk.com"]}
Browsers: [AppInfo { inner: TypedObjectRef { inner: 0x5dff39ec0030, type: GDesktopAppInfo } }, AppInfo { inner: TypedObjectRef { inner: 0x5dff39ec02a0, type: GDesktopAppInfo } }, AppInfo { inner: TypedObjectRef { inner: 0x5dff39ec0370, type: GDesktopAppInfo } }]
File uri scheme Some("http")
Browser name: "Google Chrome"
Browser name: "FirefoxNightly"
Browser name: "Nyxt"
Files: [File { inner: TypedObjectRef { inner: 0x6086fd86eec0, type: GDaemonFile } }]
Defaults: {"FirefoxNightly": ["https://vk.com"], "Google Chrome": ["https://grafana.cloud.cian.tech", "https://sre-pager.cian.tech", "https://conf.cian.tech", "https://ci-gitea.cian.tech", "https://meet.google.com", "https://jira.cian.tech"]}
Browsers: [AppInfo { inner: TypedObjectRef { inner: 0x6086fd400030, type: GDesktopAppInfo } }, AppInfo { inner: TypedObjectRef { inner: 0x6086fd4002a0, type: GDesktopAppInfo } }, AppInfo { inner: TypedObjectRef { inner: 0x6086fd400370, type: GDesktopAppInfo } }]
File uri scheme Some("http")
Browser name: "Google Chrome"
Browser name: "FirefoxNightly"
Browser name: "Nyxt"
Files: [File { inner: TypedObjectRef { inner: 0x5d0f0e2d9040, type: GDaemonFile } }]
Defaults: {"Google Chrome": ["https://grafana.cloud.cian.tech", "https://sre-pager.cian.tech", "https://conf.cian.tech", "https://ci-gitea.cian.tech", "https://meet.google.com", "https://jira.cian.tech"], "FirefoxNightly": ["https://vk.com"]}
Browsers: [AppInfo { inner: TypedObjectRef { inner: 0x5d0f0e10d030, type: GDesktopAppInfo } }, AppInfo { inner: TypedObjectRef { inner: 0x5d0f0e10d2a0, type: GDesktopAppInfo } }, AppInfo { inner: TypedObjectRef { inner: 0x5d0f0e10d370, type: GDesktopAppInfo } }]
File uri scheme Some("http")
Browser name: "Google Chrome"
Browser name: "FirefoxNightly"
Browser name: "Nyxt"
Files: [File { inner: TypedObjectRef { inner: 0x60dc18cfd840, type: GDaemonFile } }]
Defaults: {"Google Chrome": ["https://grafana.cloud.cian.tech", "https://sre-pager.cian.tech", "https://conf.cian.tech", "https://ci-gitea.cian.tech", "https://meet.google.com", "https://jira.cian.tech"], "FirefoxNightly": ["https://vk.com"]}
Browsers: [AppInfo { inner: TypedObjectRef { inner: 0x60dc189c4030, type: GDesktopAppInfo } }, AppInfo { inner: TypedObjectRef { inner: 0x60dc189c42a0, type: GDesktopAppInfo } }, AppInfo { inner: TypedObjectRef { inner: 0x60dc189c4370, type: GDesktopAppInfo } }]
File uri scheme Some("http")
Browser name: "Google Chrome"
Browser name: "FirefoxNightly"
Browser name: "Nyxt"
Files: [File { inner: TypedObjectRef { inner: 0x6373795c1230, type: GDaemonFile } }]
Defaults: {"Google Chrome": ["https://grafana.cloud.cian.tech", "https://sre-pager.cian.tech", "https://conf.cian.tech", "https://ci-gitea.cian.tech", "https://meet.google.com", "https://jira.cian.tech"], "FirefoxNightly": ["https://vk.com"]}
Browsers: [AppInfo { inner: TypedObjectRef { inner: 0x637379291030, type: GDesktopAppInfo } }, AppInfo { inner: TypedObjectRef { inner: 0x6373792912a0, type: GDesktopAppInfo } }, AppInfo { inner: TypedObjectRef { inner: 0x637379291370, type: GDesktopAppInfo } }]
File uri scheme Some("http")
Browser name: "Google Chrome"
Browser name: "FirefoxNightly"
Browser name: "Nyxt"
Files: [File { inner: TypedObjectRef { inner: 0x57a5534c7c90, type: GDaemonFile } }]
Defaults: {"FirefoxNightly": ["https://vk.com"], "Google Chrome": ["https://grafana.cloud.cian.tech", "https://sre-pager.cian.tech", "https://conf.cian.tech", "https://ci-gitea.cian.tech", "https://meet.google.com", "https://jira.cian.tech"]}
Browsers: [AppInfo { inner: TypedObjectRef { inner: 0x57a553068030, type: GDesktopAppInfo } }, AppInfo { inner: TypedObjectRef { inner: 0x57a5530682a0, type: GDesktopAppInfo } }, AppInfo { inner: TypedObjectRef { inner: 0x57a553068370, type: GDesktopAppInfo } }]
File uri scheme Some("http")
Browser name: "Google Chrome"
Browser name: "FirefoxNightly"
Browser name: "Nyxt"
Files: [File { inner: TypedObjectRef { inner: 0x5f3228664290, type: GDaemonFile } }]
Defaults: {"FirefoxNightly": ["https://vk.com"], "Google Chrome": ["https://grafana.cloud.cian.tech", "https://sre-pager.cian.tech", "https://conf.cian.tech", "https://ci-gitea.cian.tech", "https://meet.google.com", "https://jira.cian.tech"]}
Browsers: [AppInfo { inner: TypedObjectRef { inner: 0x5f322820b030, type: GDesktopAppInfo } }, AppInfo { inner: TypedObjectRef { inner: 0x5f322820b2a0, type: GDesktopAppInfo } }, AppInfo { inner: TypedObjectRef { inner: 0x5f322820b370, type: GDesktopAppInfo } }]
File uri scheme Some("http")
Browser name: "Google Chrome"
Browser name: "FirefoxNightly"
Browser name: "Nyxt"
Files: [File { inner: TypedObjectRef { inner: 0x5fe265f026c0, type: GDaemonFile } }]
Defaults: {"Google Chrome": ["https://grafana.cloud.cian.tech", "https://sre-pager.cian.tech", "https://conf.cian.tech", "https://ci-gitea.cian.tech", "https://meet.google.com", "https://jira.cian.tech"], "FirefoxNightly": ["https://vk.com"]}
Browsers: [AppInfo { inner: TypedObjectRef { inner: 0x5fe265aac030, type: GDesktopAppInfo } }, AppInfo { inner: TypedObjectRef { inner: 0x5fe265aac2a0, type: GDesktopAppInfo } }, AppInfo { inner: TypedObjectRef { inner: 0x5fe265aac370, type: GDesktopAppInfo } }]
File uri scheme Some("http")
Browser name: "Google Chrome"
Browser name: "FirefoxNightly"
Browser name: "Nyxt"
Files: [File { inner: TypedObjectRef { inner: 0x62932260a4c0, type: GDummyFile } }]
Defaults: {"FirefoxNightly": ["https://vk.com"], "Google Chrome": ["https://grafana.cloud.cian.tech", "https://sre-pager.cian.tech", "https://conf.cian.tech", "https://ci-gitea.cian.tech", "https://meet.google.com", "https://jira.cian.tech"]}
Browsers: [AppInfo { inner: TypedObjectRef { inner: 0x6293222f8030, type: GDesktopAppInfo } }, AppInfo { inner: TypedObjectRef { inner: 0x6293222f82a0, type: GDesktopAppInfo } }, AppInfo { inner: TypedObjectRef { inner: 0x6293222f8370, type: GDesktopAppInfo } }]
File uri scheme Some("https")
Browser name: "Google Chrome"
Files: [File { inner: TypedObjectRef { inner: 0x5694bf4d9c90, type: GDummyFile } }]
Defaults: {"FirefoxNightly": ["https://vk.com"], "Google Chrome": ["https://grafana.cloud.cian.tech", "https://sre-pager.cian.tech", "https://conf.cian.tech", "https://ci-gitea.cian.tech", "https://meet.google.com", "https://jira.cian.tech"]}
Browsers: [AppInfo { inner: TypedObjectRef { inner: 0x5694bf104030, type: GDesktopAppInfo } }, AppInfo { inner: TypedObjectRef { inner: 0x5694bf1042a0, type: GDesktopAppInfo } }, AppInfo { inner: TypedObjectRef { inner: 0x5694bf104370, type: GDesktopAppInfo } }]
File uri scheme Some("https")
Browser name: "Google Chrome"
Files: [File { inner: TypedObjectRef { inner: 0x6218d9921860, type: GDummyFile } }]
Defaults: {"Google Chrome": ["https://grafana.cloud.cian.tech", "https://sre-pager.cian.tech", "https://conf.cian.tech", "https://ci-gitea.cian.tech", "https://meet.google.com", "https://jira.cian.tech"], "FirefoxNightly": ["https://vk.com"]}
Browsers: [AppInfo { inner: TypedObjectRef { inner: 0x6218d94b1030, type: GDesktopAppInfo } }, AppInfo { inner: TypedObjectRef { inner: 0x6218d94b12a0, type: GDesktopAppInfo } }, AppInfo { inner: TypedObjectRef { inner: 0x6218d94b1370, type: GDesktopAppInfo } }]
File uri scheme Some("https")
Browser name: "Google Chrome"
Files: [File { inner: TypedObjectRef { inner: 0x5a667945a460, type: GDaemonFile } }]
Defaults: {"FirefoxNightly": ["https://vk.com"], "Google Chrome": ["https://grafana.cloud.cian.tech", "https://sre-pager.cian.tech", "https://conf.cian.tech", "https://ci-gitea.cian.tech", "https://meet.google.com", "https://jira.cian.tech"]}
Browsers: [AppInfo { inner: TypedObjectRef { inner: 0x5a6679158030, type: GDesktopAppInfo } }, AppInfo { inner: TypedObjectRef { inner: 0x5a66791582a0, type: GDesktopAppInfo } }, AppInfo { inner: TypedObjectRef { inner: 0x5a6679158370, type: GDesktopAppInfo } }]
File uri scheme Some("http")
Browser name: "Google Chrome"
Browser name: "FirefoxNightly"
Browser name: "Nyxt"
Files: [File { inner: TypedObjectRef { inner: 0x64a4c6c72830, type: GDummyFile } }]
Defaults: {"FirefoxNightly": ["https://vk.com"], "Google Chrome": ["https://grafana.cloud.cian.tech", "https://sre-pager.cian.tech", "https://conf.cian.tech", "https://ci-gitea.cian.tech", "https://meet.google.com", "https://jira.cian.tech"]}
Browsers: [AppInfo { inner: TypedObjectRef { inner: 0x64a4c681c030, type: GDesktopAppInfo } }, AppInfo { inner: TypedObjectRef { inner: 0x64a4c681c2a0, type: GDesktopAppInfo } }, AppInfo { inner: TypedObjectRef { inner: 0x64a4c681c370, type: GDesktopAppInfo } }]
File uri scheme Some("https")
Browser name: "Google Chrome"
Browser name: "FirefoxNightly"
Browser name: "Nyxt"
Files: [File { inner: TypedObjectRef { inner: 0x5d6f1ab4a0c0, type: GDummyFile } }]
Defaults: {"Google Chrome": ["https://grafana.cloud.cian.tech", "https://sre-pager.cian.tech", "https://conf.cian.tech", "https://ci-gitea.cian.tech", "https://meet.google.com", "https://jira.cian.tech", "https://autodeploy-assist.integro.cian.tech"], "FirefoxNightly": ["https://vk.com"]}
Browsers: [AppInfo { inner: TypedObjectRef { inner: 0x5d6f1a7de030, type: GDesktopAppInfo } }, AppInfo { inner: TypedObjectRef { inner: 0x5d6f1a7de2a0, type: GDesktopAppInfo } }, AppInfo { inner: TypedObjectRef { inner: 0x5d6f1a7de370, type: GDesktopAppInfo } }]
File uri scheme Some("http")
Browser name: "Google Chrome"
Browser name: "FirefoxNightly"
Browser name: "Nyxt"
Files: [File { inner: TypedObjectRef { inner: 0x5755f30a1c60, type: GDummyFile } }]
Defaults: {"Google Chrome": ["https://grafana.cloud.cian.tech", "https://sre-pager.cian.tech", "https://conf.cian.tech", "https://ci-gitea.cian.tech", "https://meet.google.com", "https://jira.cian.tech", "https://autodeploy-assist.integro.cian.tech", "http://master.runtime-settings.dev3.cian.ru"], "FirefoxNightly": ["https://vk.com"]}
Browsers: [AppInfo { inner: TypedObjectRef { inner: 0x5755f2c0e030, type: GDesktopAppInfo } }, AppInfo { inner: TypedObjectRef { inner: 0x5755f2c0e2a0, type: GDesktopAppInfo } }, AppInfo { inner: TypedObjectRef { inner: 0x5755f2c0e370, type: GDesktopAppInfo } }]
File uri scheme Some("https")
Browser name: "Google Chrome"
Files: [File { inner: TypedObjectRef { inner: 0x5cff0920aa90, type: GDummyFile } }]
Defaults: {"FirefoxNightly": ["https://vk.com"], "Google Chrome": ["https://grafana.cloud.cian.tech", "https://sre-pager.cian.tech", "https://conf.cian.tech", "https://ci-gitea.cian.tech", "https://meet.google.com", "https://jira.cian.tech", "https://autodeploy-assist.integro.cian.tech", "http://master.runtime-settings.dev3.cian.ru"]}
Browsers: [AppInfo { inner: TypedObjectRef { inner: 0x5cff08ee4030, type: GDesktopAppInfo } }, AppInfo { inner: TypedObjectRef { inner: 0x5cff08ee42a0, type: GDesktopAppInfo } }, AppInfo { inner: TypedObjectRef { inner: 0x5cff08ee4370, type: GDesktopAppInfo } }]
File uri scheme Some("https")
Browser name: "Google Chrome"
Files: [File { inner: TypedObjectRef { inner: 0x58e18827c460, type: GDummyFile } }]
Defaults: {"Google Chrome": ["https://grafana.cloud.cian.tech", "https://sre-pager.cian.tech", "https://conf.cian.tech", "https://ci-gitea.cian.tech", "https://meet.google.com", "https://jira.cian.tech", "https://autodeploy-assist.integro.cian.tech", "http://master.runtime-settings.dev3.cian.ru"], "FirefoxNightly": ["https://vk.com"]}
Browsers: [AppInfo { inner: TypedObjectRef { inner: 0x58e187e29030, type: GDesktopAppInfo } }, AppInfo { inner: TypedObjectRef { inner: 0x58e187e292a0, type: GDesktopAppInfo } }, AppInfo { inner: TypedObjectRef { inner: 0x58e187e29370, type: GDesktopAppInfo } }]
File uri scheme Some("https")
Browser name: "Google Chrome"
Files: [File { inner: TypedObjectRef { inner: 0x624fabf8ce90, type: GDummyFile } }]
Defaults: {"Google Chrome": ["https://grafana.cloud.cian.tech", "https://sre-pager.cian.tech", "https://conf.cian.tech", "https://ci-gitea.cian.tech", "https://meet.google.com", "https://jira.cian.tech", "https://autodeploy-assist.integro.cian.tech", "http://master.runtime-settings.dev3.cian.ru"], "FirefoxNightly": ["https://vk.com"]}
Browsers: [AppInfo { inner: TypedObjectRef { inner: 0x624fabc53030, type: GDesktopAppInfo } }, AppInfo { inner: TypedObjectRef { inner: 0x624fabc532a0, type: GDesktopAppInfo } }, AppInfo { inner: TypedObjectRef { inner: 0x624fabc53370, type: GDesktopAppInfo } }]
File uri scheme Some("https")
Browser name: "Google Chrome"
Files: [File { inner: TypedObjectRef { inner: 0x5598ea488460, type: GDummyFile } }]
Defaults: {"Google Chrome": ["https://grafana.cloud.cian.tech", "https://sre-pager.cian.tech", "https://conf.cian.tech", "https://ci-gitea.cian.tech", "https://meet.google.com", "https://jira.cian.tech", "https://autodeploy-assist.integro.cian.tech", "http://master.runtime-settings.dev3.cian.ru"], "FirefoxNightly": ["https://vk.com"]}
Browsers: [AppInfo { inner: TypedObjectRef { inner: 0x5598ea188030, type: GDesktopAppInfo } }, AppInfo { inner: TypedObjectRef { inner: 0x5598ea1882a0, type: GDesktopAppInfo } }, AppInfo { inner: TypedObjectRef { inner: 0x5598ea188370, type: GDesktopAppInfo } }]
File uri scheme Some("https")
Browser name: "Google Chrome"
Files: [File { inner: TypedObjectRef { inner: 0x5ff792ebac90, type: GDummyFile } }]
Defaults: {"FirefoxNightly": ["https://vk.com"], "Google Chrome": ["https://grafana.cloud.cian.tech", "https://sre-pager.cian.tech", "https://conf.cian.tech", "https://ci-gitea.cian.tech", "https://meet.google.com", "https://jira.cian.tech", "https://autodeploy-assist.integro.cian.tech", "http://master.runtime-settings.dev3.cian.ru"]}
Browsers: [AppInfo { inner: TypedObjectRef { inner: 0x5ff792ac0030, type: GDesktopAppInfo } }, AppInfo { inner: TypedObjectRef { inner: 0x5ff792ac02a0, type: GDesktopAppInfo } }, AppInfo { inner: TypedObjectRef { inner: 0x5ff792ac0370, type: GDesktopAppInfo } }]
File uri scheme Some("https")
Browser name: "Google Chrome"
Files: [File { inner: TypedObjectRef { inner: 0x5d15775b0e90, type: GDummyFile } }]
Defaults: {"FirefoxNightly": ["https://vk.com"], "Google Chrome": ["https://grafana.cloud.cian.tech", "https://sre-pager.cian.tech", "https://conf.cian.tech", "https://ci-gitea.cian.tech", "https://meet.google.com", "https://jira.cian.tech", "https://autodeploy-assist.integro.cian.tech", "http://master.runtime-settings.dev3.cian.ru"]}
Browsers: [AppInfo { inner: TypedObjectRef { inner: 0x5d1577282030, type: GDesktopAppInfo } }, AppInfo { inner: TypedObjectRef { inner: 0x5d15772822a0, type: GDesktopAppInfo } }, AppInfo { inner: TypedObjectRef { inner: 0x5d1577282370, type: GDesktopAppInfo } }]
File uri scheme Some("https")
Browser name: "Google Chrome"
Browser name: "FirefoxNightly"
Browser name: "Nyxt"
Files: [File { inner: TypedObjectRef { inner: 0x5afd64018c90, type: GDummyFile } }]
Defaults: {"FirefoxNightly": ["https://vk.com"], "Google Chrome": ["https://grafana.cloud.cian.tech", "https://sre-pager.cian.tech", "https://conf.cian.tech", "https://ci-gitea.cian.tech", "https://meet.google.com", "https://jira.cian.tech", "https://autodeploy-assist.integro.cian.tech", "http://master.runtime-settings.dev3.cian.ru", "https://service.cian.ru"]}
Browsers: [AppInfo { inner: TypedObjectRef { inner: 0x5afd63d1a030, type: GDesktopAppInfo } }, AppInfo { inner: TypedObjectRef { inner: 0x5afd63d1a2a0, type: GDesktopAppInfo } }, AppInfo { inner: TypedObjectRef { inner: 0x5afd63d1a370, type: GDesktopAppInfo } }]
File uri scheme Some("https")
Browser name: "Google Chrome"
Browser name: "FirefoxNightly"
Browser name: "Nyxt"
Files: [File { inner: TypedObjectRef { inner: 0x603eed4b2c90, type: GDummyFile } }]
Defaults: {"FirefoxNightly": ["https://vk.com"], "Google Chrome": ["https://grafana.cloud.cian.tech", "https://sre-pager.cian.tech", "https://conf.cian.tech", "https://ci-gitea.cian.tech", "https://meet.google.com", "https://jira.cian.tech", "https://autodeploy-assist.integro.cian.tech", "http://master.runtime-settings.dev3.cian.ru", "https://service.cian.ru"]}
Browsers: [AppInfo { inner: TypedObjectRef { inner: 0x603eed18a030, type: GDesktopAppInfo } }, AppInfo { inner: TypedObjectRef { inner: 0x603eed18a2a0, type: GDesktopAppInfo } }, AppInfo { inner: TypedObjectRef { inner: 0x603eed18a370, type: GDesktopAppInfo } }]
File uri scheme Some("https")
Browser name: "Google Chrome"
Files: [File { inner: TypedObjectRef { inner: 0x61a92718dc90, type: GDummyFile } }]
Defaults: {"FirefoxNightly": ["https://vk.com"], "Google Chrome": ["https://grafana.cloud.cian.tech", "https://sre-pager.cian.tech", "https://conf.cian.tech", "https://ci-gitea.cian.tech", "https://meet.google.com", "https://jira.cian.tech", "https://autodeploy-assist.integro.cian.tech", "http://master.runtime-settings.dev3.cian.ru", "https://service.cian.ru"]}
Browsers: [AppInfo { inner: TypedObjectRef { inner: 0x61a926d34030, type: GDesktopAppInfo } }, AppInfo { inner: TypedObjectRef { inner: 0x61a926d342a0, type: GDesktopAppInfo } }, AppInfo { inner: TypedObjectRef { inner: 0x61a926d34370, type: GDesktopAppInfo } }]
File uri scheme Some("https")
Browser name: "Google Chrome"
Files: [File { inner: TypedObjectRef { inner: 0x6404f16c1c00, type: GDummyFile } }]
Defaults: {"FirefoxNightly": ["https://vk.com"], "Google Chrome": ["https://grafana.cloud.cian.tech", "https://sre-pager.cian.tech", "https://conf.cian.tech", "https://ci-gitea.cian.tech", "https://meet.google.com", "https://jira.cian.tech", "https://autodeploy-assist.integro.cian.tech", "http://master.runtime-settings.dev3.cian.ru", "https://service.cian.ru"]}
Browsers: [AppInfo { inner: TypedObjectRef { inner: 0x6404f139c030, type: GDesktopAppInfo } }, AppInfo { inner: TypedObjectRef { inner: 0x6404f139c2a0, type: GDesktopAppInfo } }, AppInfo { inner: TypedObjectRef { inner: 0x6404f139c370, type: GDesktopAppInfo } }]
File uri scheme Some("https")
Browser name: "Google Chrome"
Files: [File { inner: TypedObjectRef { inner: 0x59e3e8ff8060, type: GDummyFile } }]
Defaults: {"Google Chrome": ["https://grafana.cloud.cian.tech", "https://sre-pager.cian.tech", "https://conf.cian.tech", "https://ci-gitea.cian.tech", "https://meet.google.com", "https://jira.cian.tech", "https://autodeploy-assist.integro.cian.tech", "http://master.runtime-settings.dev3.cian.ru", "https://service.cian.ru"], "FirefoxNightly": ["https://vk.com"]}
Browsers: [AppInfo { inner: TypedObjectRef { inner: 0x59e3e8ba2030, type: GDesktopAppInfo } }, AppInfo { inner: TypedObjectRef { inner: 0x59e3e8ba22a0, type: GDesktopAppInfo } }, AppInfo { inner: TypedObjectRef { inner: 0x59e3e8ba2370, type: GDesktopAppInfo } }]
File uri scheme Some("https")
Browser name: "Google Chrome"
Files: [File { inner: TypedObjectRef { inner: 0x5ce6136a4890, type: GDummyFile } }]
Defaults: {"Google Chrome": ["https://grafana.cloud.cian.tech", "https://sre-pager.cian.tech", "https://conf.cian.tech", "https://ci-gitea.cian.tech", "https://meet.google.com", "https://jira.cian.tech", "https://autodeploy-assist.integro.cian.tech", "http://master.runtime-settings.dev3.cian.ru", "https://service.cian.ru"], "FirefoxNightly": ["https://vk.com"]}
Browsers: [AppInfo { inner: TypedObjectRef { inner: 0x5ce613244030, type: GDesktopAppInfo } }, AppInfo { inner: TypedObjectRef { inner: 0x5ce6132442a0, type: GDesktopAppInfo } }, AppInfo { inner: TypedObjectRef { inner: 0x5ce613244370, type: GDesktopAppInfo } }]
File uri scheme Some("https")
Browser name: "Google Chrome"
Files: [File { inner: TypedObjectRef { inner: 0x6181dac4eb50, type: GDummyFile } }]
Defaults: {"FirefoxNightly": ["https://vk.com"], "Google Chrome": ["https://grafana.cloud.cian.tech", "https://sre-pager.cian.tech", "https://conf.cian.tech", "https://ci-gitea.cian.tech", "https://meet.google.com", "https://jira.cian.tech", "https://autodeploy-assist.integro.cian.tech", "http://master.runtime-settings.dev3.cian.ru", "https://service.cian.ru"]}
Browsers: [AppInfo { inner: TypedObjectRef { inner: 0x6181da93c840, type: GDesktopAppInfo } }, AppInfo { inner: TypedObjectRef { inner: 0x6181da93cab0, type: GDesktopAppInfo } }, AppInfo { inner: TypedObjectRef { inner: 0x6181da93cb80, type: GDesktopAppInfo } }]
File uri scheme Some("https")
Browser name: "Google Chrome"
Browser name: "FirefoxNightly"
Browser name: "Nyxt"
Files: [File { inner: TypedObjectRef { inner: 0x639881116980, type: GDummyFile } }]
Defaults: {"Google Chrome": ["https://grafana.cloud.cian.tech", "https://sre-pager.cian.tech", "https://conf.cian.tech", "https://ci-gitea.cian.tech", "https://meet.google.com", "https://jira.cian.tech", "https://autodeploy-assist.integro.cian.tech", "http://master.runtime-settings.dev3.cian.ru", "https://service.cian.ru"], "FirefoxNightly": ["https://vk.com"]}
Browsers: [AppInfo { inner: TypedObjectRef { inner: 0x639880e2e840, type: GDesktopAppInfo } }, AppInfo { inner: TypedObjectRef { inner: 0x639880e2eab0, type: GDesktopAppInfo } }, AppInfo { inner: TypedObjectRef { inner: 0x639880e2eb80, type: GDesktopAppInfo } }]
File uri scheme Some("https")
Browser name: "Google Chrome"
Files: [File { inner: TypedObjectRef { inner: 0x62fd7bc3c950, type: GDummyFile } }]
Defaults: {"FirefoxNightly": ["https://vk.com"], "Google Chrome": ["https://grafana.cloud.cian.tech", "https://sre-pager.cian.tech", "https://conf.cian.tech", "https://ci-gitea.cian.tech", "https://meet.google.com", "https://jira.cian.tech", "https://autodeploy-assist.integro.cian.tech", "http://master.runtime-settings.dev3.cian.ru", "https://service.cian.ru"]}
Browsers: [AppInfo { inner: TypedObjectRef { inner: 0x62fd7b801840, type: GDesktopAppInfo } }, AppInfo { inner: TypedObjectRef { inner: 0x62fd7b801ab0, type: GDesktopAppInfo } }, AppInfo { inner: TypedObjectRef { inner: 0x62fd7b801b80, type: GDesktopAppInfo } }]
File uri scheme Some("https")
Browser name: "Google Chrome"
Files: [File { inner: TypedObjectRef { inner: 0x560789ae8980, type: GDummyFile } }]
Defaults: {"FirefoxNightly": ["https://vk.com"], "Google Chrome": ["https://grafana.cloud.cian.tech", "https://sre-pager.cian.tech", "https://conf.cian.tech", "https://ci-gitea.cian.tech", "https://meet.google.com", "https://jira.cian.tech", "https://autodeploy-assist.integro.cian.tech", "http://master.runtime-settings.dev3.cian.ru", "https://service.cian.ru"]}
Browsers: [AppInfo { inner: TypedObjectRef { inner: 0x5607897d8840, type: GDesktopAppInfo } }, AppInfo { inner: TypedObjectRef { inner: 0x5607897d8ab0, type: GDesktopAppInfo } }, AppInfo { inner: TypedObjectRef { inner: 0x5607897d8b80, type: GDesktopAppInfo } }]
File uri scheme Some("http")
Browser name: "Google Chrome"
Files: [File { inner: TypedObjectRef { inner: 0x61a999431f50, type: GDummyFile } }]
Defaults: {"Google Chrome": ["https://grafana.cloud.cian.tech", "https://sre-pager.cian.tech", "https://conf.cian.tech", "https://ci-gitea.cian.tech", "https://meet.google.com", "https://jira.cian.tech", "https://autodeploy-assist.integro.cian.tech", "http://master.runtime-settings.dev3.cian.ru", "https://service.cian.ru"], "FirefoxNightly": ["https://vk.com"]}
Browsers: [AppInfo { inner: TypedObjectRef { inner: 0x61a998fdf840, type: GDesktopAppInfo } }, AppInfo { inner: TypedObjectRef { inner: 0x61a998fdfab0, type: GDesktopAppInfo } }, AppInfo { inner: TypedObjectRef { inner: 0x61a998fdfb80, type: GDesktopAppInfo } }]
File uri scheme Some("https")
Browser name: "Google Chrome"
Files: [File { inner: TypedObjectRef { inner: 0x5e4916614290, type: GDummyFile } }]
Defaults: {"FirefoxNightly": ["https://vk.com"], "Google Chrome": ["https://grafana.cloud.cian.tech", "https://sre-pager.cian.tech", "https://conf.cian.tech", "https://ci-gitea.cian.tech", "https://meet.google.com", "https://jira.cian.tech", "https://autodeploy-assist.integro.cian.tech", "http://master.runtime-settings.dev3.cian.ru", "https://service.cian.ru"]}
Browsers: [AppInfo { inner: TypedObjectRef { inner: 0x5e4916275030, type: GDesktopAppInfo } }, AppInfo { inner: TypedObjectRef { inner: 0x5e49162752a0, type: GDesktopAppInfo } }, AppInfo { inner: TypedObjectRef { inner: 0x5e4916275370, type: GDesktopAppInfo } }]
File uri scheme Some("https")
Browser name: "Google Chrome"
Files: [File { inner: TypedObjectRef { inner: 0x58fed05ec090, type: GDummyFile } }]
Defaults: {"FirefoxNightly": ["https://vk.com"], "Google Chrome": ["https://grafana.cloud.cian.tech", "https://sre-pager.cian.tech", "https://conf.cian.tech", "https://ci-gitea.cian.tech", "https://meet.google.com", "https://jira.cian.tech", "https://autodeploy-assist.integro.cian.tech", "http://master.runtime-settings.dev3.cian.ru", "https://service.cian.ru"]}
Browsers: [AppInfo { inner: TypedObjectRef { inner: 0x58fed02d5030, type: GDesktopAppInfo } }, AppInfo { inner: TypedObjectRef { inner: 0x58fed02d52a0, type: GDesktopAppInfo } }, AppInfo { inner: TypedObjectRef { inner: 0x58fed02d5370, type: GDesktopAppInfo } }]
File uri scheme Some("https")
Browser name: "Google Chrome"
Files: [File { inner: TypedObjectRef { inner: 0x589f6f92b490, type: GDummyFile } }]
Defaults: {"Google Chrome": ["https://grafana.cloud.cian.tech", "https://sre-pager.cian.tech", "https://conf.cian.tech", "https://ci-gitea.cian.tech", "https://meet.google.com", "https://jira.cian.tech", "https://autodeploy-assist.integro.cian.tech", "http://master.runtime-settings.dev3.cian.ru", "https://service.cian.ru"], "FirefoxNightly": ["https://vk.com"]}
Browsers: [AppInfo { inner: TypedObjectRef { inner: 0x589f6f5de030, type: GDesktopAppInfo } }, AppInfo { inner: TypedObjectRef { inner: 0x589f6f5de2a0, type: GDesktopAppInfo } }, AppInfo { inner: TypedObjectRef { inner: 0x589f6f5de370, type: GDesktopAppInfo } }]
File uri scheme Some("https")
Browser name: "Google Chrome"
Files: [File { inner: TypedObjectRef { inner: 0x602a4db83460, type: GDummyFile } }]
Defaults: {"FirefoxNightly": ["https://vk.com"], "Google Chrome": ["https://grafana.cloud.cian.tech", "https://sre-pager.cian.tech", "https://conf.cian.tech", "https://ci-gitea.cian.tech", "https://meet.google.com", "https://jira.cian.tech", "https://autodeploy-assist.integro.cian.tech", "http://master.runtime-settings.dev3.cian.ru", "https://service.cian.ru"]}
Browsers: [AppInfo { inner: TypedObjectRef { inner: 0x602a4d7f4030, type: GDesktopAppInfo } }, AppInfo { inner: TypedObjectRef { inner: 0x602a4d7f42a0, type: GDesktopAppInfo } }, AppInfo { inner: TypedObjectRef { inner: 0x602a4d7f4370, type: GDesktopAppInfo } }]
File uri scheme Some("https")
Browser name: "Google Chrome"
Files: [File { inner: TypedObjectRef { inner: 0x578e215f6090, type: GDummyFile } }]
Defaults: {"Google Chrome": ["https://grafana.cloud.cian.tech", "https://sre-pager.cian.tech", "https://conf.cian.tech", "https://ci-gitea.cian.tech", "https://meet.google.com", "https://jira.cian.tech", "https://autodeploy-assist.integro.cian.tech", "http://master.runtime-settings.dev3.cian.ru", "https://service.cian.ru"], "FirefoxNightly": ["https://vk.com"]}
Browsers: [AppInfo { inner: TypedObjectRef { inner: 0x578e212f7030, type: GDesktopAppInfo } }, AppInfo { inner: TypedObjectRef { inner: 0x578e212f72a0, type: GDesktopAppInfo } }, AppInfo { inner: TypedObjectRef { inner: 0x578e212f7370, type: GDesktopAppInfo } }]
File uri scheme Some("https")
Browser name: "Google Chrome"
Browser name: "FirefoxNightly"
Browser name: "Nyxt"
Files: [File { inner: TypedObjectRef { inner: 0x6538392af660, type: GDummyFile } }]
Defaults: {"Google Chrome": ["https://grafana.cloud.cian.tech", "https://sre-pager.cian.tech", "https://conf.cian.tech", "https://ci-gitea.cian.tech", "https://meet.google.com", "https://jira.cian.tech", "https://autodeploy-assist.integro.cian.tech", "http://master.runtime-settings.dev3.cian.ru", "https://service.cian.ru", "https://elk.cloud.cian.tech"], "FirefoxNightly": ["https://vk.com"]}
Browsers: [AppInfo { inner: TypedObjectRef { inner: 0x653838ed2030, type: GDesktopAppInfo } }, AppInfo { inner: TypedObjectRef { inner: 0x653838ed22a0, type: GDesktopAppInfo } }, AppInfo { inner: TypedObjectRef { inner: 0x653838ed2370, type: GDesktopAppInfo } }]
File uri scheme Some("https")
Browser name: "Google Chrome"
Files: [File { inner: TypedObjectRef { inner: 0x5657a5013a60, type: GDummyFile } }]
Defaults: {"FirefoxNightly": ["https://vk.com"], "Google Chrome": ["https://grafana.cloud.cian.tech", "https://sre-pager.cian.tech", "https://conf.cian.tech", "https://ci-gitea.cian.tech", "https://meet.google.com", "https://jira.cian.tech", "https://autodeploy-assist.integro.cian.tech", "http://master.runtime-settings.dev3.cian.ru", "https://service.cian.ru", "https://elk.cloud.cian.tech"]}
Browsers: [AppInfo { inner: TypedObjectRef { inner: 0x5657a4d16030, type: GDesktopAppInfo } }, AppInfo { inner: TypedObjectRef { inner: 0x5657a4d162a0, type: GDesktopAppInfo } }, AppInfo { inner: TypedObjectRef { inner: 0x5657a4d16370, type: GDesktopAppInfo } }]
File uri scheme Some("https")
Browser name: "Google Chrome"
Browser name: "FirefoxNightly"
Browser name: "Nyxt"
Files: [File { inner: TypedObjectRef { inner: 0x62bbabcd9c90, type: GDummyFile } }]
Defaults: {"FirefoxNightly": ["https://vk.com"], "Google Chrome": ["https://grafana.cloud.cian.tech", "https://sre-pager.cian.tech", "https://conf.cian.tech", "https://ci-gitea.cian.tech", "https://meet.google.com", "https://jira.cian.tech", "https://autodeploy-assist.integro.cian.tech", "http://master.runtime-settings.dev3.cian.ru", "https://service.cian.ru", "https://elk.cloud.cian.tech"]}
Browsers: [AppInfo { inner: TypedObjectRef { inner: 0x62bbab864030, type: GDesktopAppInfo } }, AppInfo { inner: TypedObjectRef { inner: 0x62bbab8642a0, type: GDesktopAppInfo } }, AppInfo { inner: TypedObjectRef { inner: 0x62bbab864370, type: GDesktopAppInfo } }]
File uri scheme Some("https")
Browser name: "Google Chrome"
Browser name: "FirefoxNightly"
Browser name: "Nyxt"
Files: [File { inner: TypedObjectRef { inner: 0x63e2fd710c60, type: GDummyFile } }]
Defaults: {"Google Chrome": ["https://grafana.cloud.cian.tech", "https://sre-pager.cian.tech", "https://conf.cian.tech", "https://ci-gitea.cian.tech", "https://meet.google.com", "https://jira.cian.tech", "https://autodeploy-assist.integro.cian.tech", "http://master.runtime-settings.dev3.cian.ru", "https://service.cian.ru", "https://elk.cloud.cian.tech", "https://www.cian.ru"], "FirefoxNightly": ["https://vk.com"]}
Browsers: [AppInfo { inner: TypedObjectRef { inner: 0x63e2fd2ab030, type: GDesktopAppInfo } }, AppInfo { inner: TypedObjectRef { inner: 0x63e2fd2ab2a0, type: GDesktopAppInfo } }, AppInfo { inner: TypedObjectRef { inner: 0x63e2fd2ab370, type: GDesktopAppInfo } }]
File uri scheme Some("https")
Browser name: "Google Chrome"
Files: [File { inner: TypedObjectRef { inner: 0x6117cef21c90, type: GDummyFile } }]
Defaults: {"Google Chrome": ["https://grafana.cloud.cian.tech", "https://sre-pager.cian.tech", "https://conf.cian.tech", "https://ci-gitea.cian.tech", "https://meet.google.com", "https://jira.cian.tech", "https://autodeploy-assist.integro.cian.tech", "http://master.runtime-settings.dev3.cian.ru", "https://service.cian.ru", "https://elk.cloud.cian.tech", "https://www.cian.ru"], "FirefoxNightly": ["https://vk.com"]}
Browsers: [AppInfo { inner: TypedObjectRef { inner: 0x6117cec2b030, type: GDesktopAppInfo } }, AppInfo { inner: TypedObjectRef { inner: 0x6117cec2b2a0, type: GDesktopAppInfo } }, AppInfo { inner: TypedObjectRef { inner: 0x6117cec2b370, type: GDesktopAppInfo } }]
File uri scheme Some("https")
Browser name: "Google Chrome"
Files: [File { inner: TypedObjectRef { inner: 0x642b57397630, type: GDummyFile } }]
Defaults: {"FirefoxNightly": ["https://vk.com"], "Google Chrome": ["https://grafana.cloud.cian.tech", "https://sre-pager.cian.tech", "https://conf.cian.tech", "https://ci-gitea.cian.tech", "https://meet.google.com", "https://jira.cian.tech", "https://autodeploy-assist.integro.cian.tech", "http://master.runtime-settings.dev3.cian.ru", "https://service.cian.ru", "https://elk.cloud.cian.tech", "https://www.cian.ru"]}
Browsers: [AppInfo { inner: TypedObjectRef { inner: 0x642b5708d030, type: GDesktopAppInfo } }, AppInfo { inner: TypedObjectRef { inner: 0x642b5708d2a0, type: GDesktopAppInfo } }, AppInfo { inner: TypedObjectRef { inner: 0x642b5708d370, type: GDesktopAppInfo } }]
File uri scheme Some("https")
Browser name: "Google Chrome"
Files: [File { inner: TypedObjectRef { inner: 0x59e3ae005c00, type: GDummyFile } }]
Defaults: {"Google Chrome": ["https://grafana.cloud.cian.tech", "https://sre-pager.cian.tech", "https://conf.cian.tech", "https://ci-gitea.cian.tech", "https://meet.google.com", "https://jira.cian.tech", "https://autodeploy-assist.integro.cian.tech", "http://master.runtime-settings.dev3.cian.ru", "https://service.cian.ru", "https://elk.cloud.cian.tech", "https://www.cian.ru"], "FirefoxNightly": ["https://vk.com"]}
Browsers: [AppInfo { inner: TypedObjectRef { inner: 0x59e3adc5a030, type: GDesktopAppInfo } }, AppInfo { inner: TypedObjectRef { inner: 0x59e3adc5a2a0, type: GDesktopAppInfo } }, AppInfo { inner: TypedObjectRef { inner: 0x59e3adc5a370, type: GDesktopAppInfo } }]
File uri scheme Some("https")
Browser name: "Google Chrome"
Files: [File { inner: TypedObjectRef { inner: 0x62bf35194830, type: GDummyFile } }]
Defaults: {"Google Chrome": ["https://grafana.cloud.cian.tech", "https://sre-pager.cian.tech", "https://conf.cian.tech", "https://ci-gitea.cian.tech", "https://meet.google.com", "https://jira.cian.tech", "https://autodeploy-assist.integro.cian.tech", "http://master.runtime-settings.dev3.cian.ru", "https://service.cian.ru", "https://elk.cloud.cian.tech", "https://www.cian.ru"], "FirefoxNightly": ["https://vk.com"]}
Browsers: [AppInfo { inner: TypedObjectRef { inner: 0x62bf34e95030, type: GDesktopAppInfo } }, AppInfo { inner: TypedObjectRef { inner: 0x62bf34e952a0, type: GDesktopAppInfo } }, AppInfo { inner: TypedObjectRef { inner: 0x62bf34e95370, type: GDesktopAppInfo } }]
File uri scheme Some("https")
Browser name: "Google Chrome"
Files: [File { inner: TypedObjectRef { inner: 0x612979f6b890, type: GDummyFile } }]
Defaults: {"FirefoxNightly": ["https://vk.com"], "Google Chrome": ["https://grafana.cloud.cian.tech", "https://sre-pager.cian.tech", "https://conf.cian.tech", "https://ci-gitea.cian.tech", "https://meet.google.com", "https://jira.cian.tech", "https://autodeploy-assist.integro.cian.tech", "http://master.runtime-settings.dev3.cian.ru", "https://service.cian.ru", "https://elk.cloud.cian.tech", "https://www.cian.ru"]}
Browsers: [AppInfo { inner: TypedObjectRef { inner: 0x612979b06030, type: GDesktopAppInfo } }, AppInfo { inner: TypedObjectRef { inner: 0x612979b062a0, type: GDesktopAppInfo } }, AppInfo { inner: TypedObjectRef { inner: 0x612979b06370, type: GDesktopAppInfo } }]
File uri scheme Some("https")
Browser name: "Google Chrome"
Files: [File { inner: TypedObjectRef { inner: 0x56a91bdd1c90, type: GDummyFile } }]
Defaults: {"FirefoxNightly": ["https://vk.com"], "Google Chrome": ["https://grafana.cloud.cian.tech", "https://sre-pager.cian.tech", "https://conf.cian.tech", "https://ci-gitea.cian.tech", "https://meet.google.com", "https://jira.cian.tech", "https://autodeploy-assist.integro.cian.tech", "http://master.runtime-settings.dev3.cian.ru", "https://service.cian.ru", "https://elk.cloud.cian.tech", "https://www.cian.ru"]}
Browsers: [AppInfo { inner: TypedObjectRef { inner: 0x56a91b96c030, type: GDesktopAppInfo } }, AppInfo { inner: TypedObjectRef { inner: 0x56a91b96c2a0, type: GDesktopAppInfo } }, AppInfo { inner: TypedObjectRef { inner: 0x56a91b96c370, type: GDesktopAppInfo } }]
File uri scheme Some("https")
Browser name: "Google Chrome"
Browser name: "FirefoxNightly"
Browser name: "Nyxt"
Files: [File { inner: TypedObjectRef { inner: 0x74adb42682c0, type: GDummyFile } }]
Defaults: {"Google Chrome": ["https://grafana.cloud.cian.tech", "https://sre-pager.cian.tech", "https://conf.cian.tech", "https://ci-gitea.cian.tech", "https://meet.google.com", "https://jira.cian.tech", "https://autodeploy-assist.integro.cian.tech", "http://master.runtime-settings.dev3.cian.ru", "https://service.cian.ru", "https://elk.cloud.cian.tech", "https://www.cian.ru"], "FirefoxNightly": ["https://vk.com"]}
Browsers: [AppInfo { inner: TypedObjectRef { inner: 0x56a91b96c030, type: GDesktopAppInfo } }, AppInfo { inner: TypedObjectRef { inner: 0x56a91b96c2a0, type: GDesktopAppInfo } }, AppInfo { inner: TypedObjectRef { inner: 0x56a91b96c370, type: GDesktopAppInfo } }]
File uri scheme Some("https")
Browser name: "Google Chrome"
Browser name: "FirefoxNightly"
Browser name: "Nyxt"
Files: [File { inner: TypedObjectRef { inner: 0x58f0d317f860, type: GDummyFile } }]
Defaults: {"Google Chrome": ["https://grafana.cloud.cian.tech", "https://sre-pager.cian.tech", "https://conf.cian.tech", "https://ci-gitea.cian.tech", "https://meet.google.com", "https://jira.cian.tech", "https://autodeploy-assist.integro.cian.tech", "http://master.runtime-settings.dev3.cian.ru", "https://service.cian.ru", "https://elk.cloud.cian.tech", "https://www.cian.ru", "https://sevastopol.cian.ru"], "FirefoxNightly": ["https://vk.com"]}
Browsers: [AppInfo { inner: TypedObjectRef { inner: 0x58f0d2e4b030, type: GDesktopAppInfo } }, AppInfo { inner: TypedObjectRef { inner: 0x58f0d2e4b2a0, type: GDesktopAppInfo } }, AppInfo { inner: TypedObjectRef { inner: 0x58f0d2e4b370, type: GDesktopAppInfo } }]
File uri scheme Some("https")
Browser name: "Google Chrome"
Files: [File { inner: TypedObjectRef { inner: 0x63c540093e30, type: GDummyFile } }]
Defaults: {"Google Chrome": ["https://grafana.cloud.cian.tech", "https://sre-pager.cian.tech", "https://conf.cian.tech", "https://ci-gitea.cian.tech", "https://meet.google.com", "https://jira.cian.tech", "https://autodeploy-assist.integro.cian.tech", "http://master.runtime-settings.dev3.cian.ru", "https://service.cian.ru", "https://elk.cloud.cian.tech", "https://www.cian.ru", "https://sevastopol.cian.ru"], "FirefoxNightly": ["https://vk.com"]}
Browsers: [AppInfo { inner: TypedObjectRef { inner: 0x63c53fd68030, type: GDesktopAppInfo } }, AppInfo { inner: TypedObjectRef { inner: 0x63c53fd682a0, type: GDesktopAppInfo } }, AppInfo { inner: TypedObjectRef { inner: 0x63c53fd68370, type: GDesktopAppInfo } }]
File uri scheme Some("https")
Browser name: "Google Chrome"
Browser name: "FirefoxNightly"
Browser name: "Nyxt"
Files: [File { inner: TypedObjectRef { inner: 0x57f45a14c860, type: GDummyFile } }]
Defaults: {"FirefoxNightly": ["https://vk.com"], "Google Chrome": ["https://grafana.cloud.cian.tech", "https://sre-pager.cian.tech", "https://conf.cian.tech", "https://ci-gitea.cian.tech", "https://meet.google.com", "https://jira.cian.tech", "https://autodeploy-assist.integro.cian.tech", "http://master.runtime-settings.dev3.cian.ru", "https://service.cian.ru", "https://elk.cloud.cian.tech", "https://www.cian.ru", "https://sevastopol.cian.ru"]}
Browsers: [AppInfo { inner: TypedObjectRef { inner: 0x57f459d68030, type: GDesktopAppInfo } }, AppInfo { inner: TypedObjectRef { inner: 0x57f459d682a0, type: GDesktopAppInfo } }, AppInfo { inner: TypedObjectRef { inner: 0x57f459d68370, type: GDesktopAppInfo } }]
File uri scheme Some("https")
Browser name: "Google Chrome"
Files: [File { inner: TypedObjectRef { inner: 0x55fb778d1600, type: GDummyFile } }]
Defaults: {"Google Chrome": ["https://grafana.cloud.cian.tech", "https://sre-pager.cian.tech", "https://conf.cian.tech", "https://ci-gitea.cian.tech", "https://meet.google.com", "https://jira.cian.tech", "https://autodeploy-assist.integro.cian.tech", "http://master.runtime-settings.dev3.cian.ru", "https://service.cian.ru", "https://elk.cloud.cian.tech", "https://www.cian.ru", "https://sevastopol.cian.ru"], "FirefoxNightly": ["https://vk.com"]}
Browsers: [AppInfo { inner: TypedObjectRef { inner: 0x55fb774f5030, type: GDesktopAppInfo } }, AppInfo { inner: TypedObjectRef { inner: 0x55fb774f52a0, type: GDesktopAppInfo } }, AppInfo { inner: TypedObjectRef { inner: 0x55fb774f5370, type: GDesktopAppInfo } }]
File uri scheme Some("https")
Browser name: "Google Chrome"
Files: [File { inner: TypedObjectRef { inner: 0x57f4102a8490, type: GDummyFile } }]
Defaults: {"Google Chrome": ["https://grafana.cloud.cian.tech", "https://sre-pager.cian.tech", "https://conf.cian.tech", "https://ci-gitea.cian.tech", "https://meet.google.com", "https://jira.cian.tech", "https://autodeploy-assist.integro.cian.tech", "http://master.runtime-settings.dev3.cian.ru", "https://service.cian.ru", "https://elk.cloud.cian.tech", "https://www.cian.ru", "https://sevastopol.cian.ru"], "FirefoxNightly": ["https://vk.com"]}
Browsers: [AppInfo { inner: TypedObjectRef { inner: 0x57f40fece030, type: GDesktopAppInfo } }, AppInfo { inner: TypedObjectRef { inner: 0x57f40fece2a0, type: GDesktopAppInfo } }, AppInfo { inner: TypedObjectRef { inner: 0x57f40fece370, type: GDesktopAppInfo } }]
File uri scheme Some("https")
Browser name: "Google Chrome"
Files: [File { inner: TypedObjectRef { inner: 0x5e8901436290, type: GDummyFile } }]
Defaults: {"Google Chrome": ["https://grafana.cloud.cian.tech", "https://sre-pager.cian.tech", "https://conf.cian.tech", "https://ci-gitea.cian.tech", "https://meet.google.com", "https://jira.cian.tech", "https://autodeploy-assist.integro.cian.tech", "http://master.runtime-settings.dev3.cian.ru", "https://service.cian.ru", "https://elk.cloud.cian.tech", "https://www.cian.ru", "https://sevastopol.cian.ru"], "FirefoxNightly": ["https://vk.com"]}
Browsers: [AppInfo { inner: TypedObjectRef { inner: 0x5e8901102030, type: GDesktopAppInfo } }, AppInfo { inner: TypedObjectRef { inner: 0x5e89011022a0, type: GDesktopAppInfo } }, AppInfo { inner: TypedObjectRef { inner: 0x5e8901102370, type: GDesktopAppInfo } }]
File uri scheme Some("https")
Browser name: "Google Chrome"
Files: [File { inner: TypedObjectRef { inner: 0x64c7ef94f460, type: GDummyFile } }]
Defaults: {"Google Chrome": ["https://grafana.cloud.cian.tech", "https://sre-pager.cian.tech", "https://conf.cian.tech", "https://ci-gitea.cian.tech", "https://meet.google.com", "https://jira.cian.tech", "https://autodeploy-assist.integro.cian.tech", "http://master.runtime-settings.dev3.cian.ru", "https://service.cian.ru", "https://elk.cloud.cian.tech", "https://www.cian.ru", "https://sevastopol.cian.ru"], "FirefoxNightly": ["https://vk.com"]}
Browsers: [AppInfo { inner: TypedObjectRef { inner: 0x64c7ef62f030, type: GDesktopAppInfo } }, AppInfo { inner: TypedObjectRef { inner: 0x64c7ef62f2a0, type: GDesktopAppInfo } }, AppInfo { inner: TypedObjectRef { inner: 0x64c7ef62f370, type: GDesktopAppInfo } }]
File uri scheme Some("https")
Browser name: "Google Chrome"
Files: [File { inner: TypedObjectRef { inner: 0x5cd9da027a60, type: GDummyFile } }]
Defaults: {"Google Chrome": ["https://grafana.cloud.cian.tech", "https://sre-pager.cian.tech", "https://conf.cian.tech", "https://ci-gitea.cian.tech", "https://meet.google.com", "https://jira.cian.tech", "https://autodeploy-assist.integro.cian.tech", "http://master.runtime-settings.dev3.cian.ru", "https://service.cian.ru", "https://elk.cloud.cian.tech", "https://www.cian.ru", "https://sevastopol.cian.ru"], "FirefoxNightly": ["https://vk.com"]}
Browsers: [AppInfo { inner: TypedObjectRef { inner: 0x5cd9d9cf6030, type: GDesktopAppInfo } }, AppInfo { inner: TypedObjectRef { inner: 0x5cd9d9cf62a0, type: GDesktopAppInfo } }, AppInfo { inner: TypedObjectRef { inner: 0x5cd9d9cf6370, type: GDesktopAppInfo } }]
File uri scheme Some("https")
Browser name: "Google Chrome"
Files: [File { inner: TypedObjectRef { inner: 0x64329df9c090, type: GDummyFile } }]
Defaults: {"FirefoxNightly": ["https://vk.com"], "Google Chrome": ["https://grafana.cloud.cian.tech", "https://sre-pager.cian.tech", "https://conf.cian.tech", "https://ci-gitea.cian.tech", "https://meet.google.com", "https://jira.cian.tech", "https://autodeploy-assist.integro.cian.tech", "http://master.runtime-settings.dev3.cian.ru", "https://service.cian.ru", "https://elk.cloud.cian.tech", "https://www.cian.ru", "https://sevastopol.cian.ru"]}
Browsers: [AppInfo { inner: TypedObjectRef { inner: 0x64329dcbd030, type: GDesktopAppInfo } }, AppInfo { inner: TypedObjectRef { inner: 0x64329dcbd2a0, type: GDesktopAppInfo } }, AppInfo { inner: TypedObjectRef { inner: 0x64329dcbd370, type: GDesktopAppInfo } }]
File uri scheme Some("https")
Browser name: "Google Chrome"
Files: [File { inner: TypedObjectRef { inner: 0x5e801e1d0c60, type: GDummyFile } }]
Defaults: {"Google Chrome": ["https://grafana.cloud.cian.tech", "https://sre-pager.cian.tech", "https://conf.cian.tech", "https://ci-gitea.cian.tech", "https://meet.google.com", "https://jira.cian.tech", "https://autodeploy-assist.integro.cian.tech", "http://master.runtime-settings.dev3.cian.ru", "https://service.cian.ru", "https://elk.cloud.cian.tech", "https://www.cian.ru", "https://sevastopol.cian.ru"], "FirefoxNightly": ["https://vk.com"]}
Browsers: [AppInfo { inner: TypedObjectRef { inner: 0x5e801de48030, type: GDesktopAppInfo } }, AppInfo { inner: TypedObjectRef { inner: 0x5e801de482a0, type: GDesktopAppInfo } }, AppInfo { inner: TypedObjectRef { inner: 0x5e801de48370, type: GDesktopAppInfo } }]
File uri scheme Some("https")
Browser name: "Google Chrome"
Files: [File { inner: TypedObjectRef { inner: 0x57a64304b000, type: GDummyFile } }]
Defaults: {"FirefoxNightly": ["https://vk.com"], "Google Chrome": ["https://grafana.cloud.cian.tech", "https://sre-pager.cian.tech", "https://conf.cian.tech", "https://ci-gitea.cian.tech", "https://meet.google.com", "https://jira.cian.tech", "https://autodeploy-assist.integro.cian.tech", "http://master.runtime-settings.dev3.cian.ru", "https://service.cian.ru", "https://elk.cloud.cian.tech", "https://www.cian.ru", "https://sevastopol.cian.ru"]}
Browsers: [AppInfo { inner: TypedObjectRef { inner: 0x57a642c77030, type: GDesktopAppInfo } }, AppInfo { inner: TypedObjectRef { inner: 0x57a642c772a0, type: GDesktopAppInfo } }, AppInfo { inner: TypedObjectRef { inner: 0x57a642c77370, type: GDesktopAppInfo } }]
File uri scheme Some("https")
Browser name: "Google Chrome"
Files: [File { inner: TypedObjectRef { inner: 0x64f96383d000, type: GDummyFile } }]
Defaults: {"Google Chrome": ["https://grafana.cloud.cian.tech", "https://sre-pager.cian.tech", "https://conf.cian.tech", "https://ci-gitea.cian.tech", "https://meet.google.com", "https://jira.cian.tech", "https://autodeploy-assist.integro.cian.tech", "http://master.runtime-settings.dev3.cian.ru", "https://service.cian.ru", "https://elk.cloud.cian.tech", "https://www.cian.ru", "https://sevastopol.cian.ru"], "FirefoxNightly": ["https://vk.com"]}
Browsers: [AppInfo { inner: TypedObjectRef { inner: 0x64f963538030, type: GDesktopAppInfo } }, AppInfo { inner: TypedObjectRef { inner: 0x64f9635382a0, type: GDesktopAppInfo } }, AppInfo { inner: TypedObjectRef { inner: 0x64f963538370, type: GDesktopAppInfo } }]
File uri scheme Some("https")
Browser name: "Google Chrome"
Files: [File { inner: TypedObjectRef { inner: 0x5a5d3798f260, type: GDummyFile } }]
Defaults: {"Google Chrome": ["https://grafana.cloud.cian.tech", "https://sre-pager.cian.tech", "https://conf.cian.tech", "https://ci-gitea.cian.tech", "https://meet.google.com", "https://jira.cian.tech", "https://autodeploy-assist.integro.cian.tech", "http://master.runtime-settings.dev3.cian.ru", "https://service.cian.ru", "https://elk.cloud.cian.tech", "https://www.cian.ru", "https://sevastopol.cian.ru"], "FirefoxNightly": ["https://vk.com"]}
Browsers: [AppInfo { inner: TypedObjectRef { inner: 0x5a5d37610030, type: GDesktopAppInfo } }, AppInfo { inner: TypedObjectRef { inner: 0x5a5d376102a0, type: GDesktopAppInfo } }, AppInfo { inner: TypedObjectRef { inner: 0x5a5d37610370, type: GDesktopAppInfo } }]
File uri scheme Some("https")
Browser name: "Google Chrome"
Files: [File { inner: TypedObjectRef { inner: 0x5a5b834c8990, type: GDummyFile } }]
Defaults: {"Google Chrome": ["https://grafana.cloud.cian.tech", "https://sre-pager.cian.tech", "https://conf.cian.tech", "https://ci-gitea.cian.tech", "https://meet.google.com", "https://jira.cian.tech", "https://autodeploy-assist.integro.cian.tech", "http://master.runtime-settings.dev3.cian.ru", "https://service.cian.ru", "https://elk.cloud.cian.tech", "https://www.cian.ru", "https://sevastopol.cian.ru"], "FirefoxNightly": ["https://vk.com"]}
Browsers: [AppInfo { inner: TypedObjectRef { inner: 0x5a5b8307c030, type: GDesktopAppInfo } }, AppInfo { inner: TypedObjectRef { inner: 0x5a5b8307c2a0, type: GDesktopAppInfo } }, AppInfo { inner: TypedObjectRef { inner: 0x5a5b8307c370, type: GDesktopAppInfo } }]
File uri scheme Some("https")
Browser name: "Google Chrome"
Files: [File { inner: TypedObjectRef { inner: 0x562c62d1ce90, type: GDummyFile } }]
Defaults: {"Google Chrome": ["https://grafana.cloud.cian.tech", "https://sre-pager.cian.tech", "https://conf.cian.tech", "https://ci-gitea.cian.tech", "https://meet.google.com", "https://jira.cian.tech", "https://autodeploy-assist.integro.cian.tech", "http://master.runtime-settings.dev3.cian.ru", "https://service.cian.ru", "https://elk.cloud.cian.tech", "https://www.cian.ru", "https://sevastopol.cian.ru"], "FirefoxNightly": ["https://vk.com"]}
Browsers: [AppInfo { inner: TypedObjectRef { inner: 0x562c62a35030, type: GDesktopAppInfo } }, AppInfo { inner: TypedObjectRef { inner: 0x562c62a352a0, type: GDesktopAppInfo } }, AppInfo { inner: TypedObjectRef { inner: 0x562c62a35370, type: GDesktopAppInfo } }]
File uri scheme Some("https")
Browser name: "Google Chrome"
Files: [File { inner: TypedObjectRef { inner: 0x5f170670a400, type: GDaemonFile } }]
Defaults: {"FirefoxNightly": ["https://vk.com"], "Google Chrome": ["https://grafana.cloud.cian.tech", "https://sre-pager.cian.tech", "https://conf.cian.tech", "https://ci-gitea.cian.tech", "https://meet.google.com", "https://jira.cian.tech", "https://autodeploy-assist.integro.cian.tech", "http://master.runtime-settings.dev3.cian.ru", "https://service.cian.ru", "https://elk.cloud.cian.tech", "https://www.cian.ru", "https://sevastopol.cian.ru"]}
Browsers: [AppInfo { inner: TypedObjectRef { inner: 0x5f17062b7030, type: GDesktopAppInfo } }, AppInfo { inner: TypedObjectRef { inner: 0x5f17062b72a0, type: GDesktopAppInfo } }, AppInfo { inner: TypedObjectRef { inner: 0x5f17062b7370, type: GDesktopAppInfo } }]
File uri scheme Some("http")
Browser name: "Google Chrome"
Browser name: "FirefoxNightly"
Browser name: "Nyxt"
Files: [File { inner: TypedObjectRef { inner: 0x7a0ca400f240, type: GLocalFile } }]
Defaults: {"Google Chrome": ["https://grafana.cloud.cian.tech", "https://sre-pager.cian.tech", "https://conf.cian.tech", "https://ci-gitea.cian.tech", "https://meet.google.com", "https://jira.cian.tech", "https://autodeploy-assist.integro.cian.tech", "http://master.runtime-settings.dev3.cian.ru", "https://service.cian.ru", "https://elk.cloud.cian.tech", "https://www.cian.ru", "https://sevastopol.cian.ru"], "FirefoxNightly": ["https://vk.com"]}
Browsers: [AppInfo { inner: TypedObjectRef { inner: 0x61ff1703b030, type: GDesktopAppInfo } }, AppInfo { inner: TypedObjectRef { inner: 0x61ff1703b2a0, type: GDesktopAppInfo } }]
File uri scheme Some("file")
Files: [File { inner: TypedObjectRef { inner: 0x55e1eb2cd030, type: GDummyFile } }]
Defaults: {"FirefoxNightly": ["https://vk.com"], "Google Chrome": ["https://grafana.cloud.cian.tech", "https://sre-pager.cian.tech", "https://conf.cian.tech", "https://ci-gitea.cian.tech", "https://meet.google.com", "https://jira.cian.tech", "https://autodeploy-assist.integro.cian.tech", "http://master.runtime-settings.dev3.cian.ru", "https://service.cian.ru", "https://elk.cloud.cian.tech", "https://www.cian.ru", "https://sevastopol.cian.ru"]}
Browsers: [AppInfo { inner: TypedObjectRef { inner: 0x55e1eafce030, type: GDesktopAppInfo } }, AppInfo { inner: TypedObjectRef { inner: 0x55e1eafce2a0, type: GDesktopAppInfo } }]
File uri scheme Some("https")
Browser name: "Google Chrome"
Files: [File { inner: TypedObjectRef { inner: 0x58fa9898fe30, type: GDummyFile } }]
Defaults: {"Google Chrome": ["https://grafana.cloud.cian.tech", "https://sre-pager.cian.tech", "https://conf.cian.tech", "https://ci-gitea.cian.tech", "https://meet.google.com", "https://jira.cian.tech", "https://autodeploy-assist.integro.cian.tech", "http://master.runtime-settings.dev3.cian.ru", "https://service.cian.ru", "https://elk.cloud.cian.tech", "https://www.cian.ru", "https://sevastopol.cian.ru"], "FirefoxNightly": ["https://vk.com"]}
Browsers: [AppInfo { inner: TypedObjectRef { inner: 0x58fa986ae030, type: GDesktopAppInfo } }, AppInfo { inner: TypedObjectRef { inner: 0x58fa986ae2a0, type: GDesktopAppInfo } }]
File uri scheme Some("https")
Browser name: "Google Chrome"
Files: [File { inner: TypedObjectRef { inner: 0x5fd92345bc60, type: GDummyFile } }]
Defaults: {"FirefoxNightly": ["https://vk.com"], "Google Chrome": ["https://grafana.cloud.cian.tech", "https://sre-pager.cian.tech", "https://conf.cian.tech", "https://ci-gitea.cian.tech", "https://meet.google.com", "https://jira.cian.tech", "https://autodeploy-assist.integro.cian.tech", "http://master.runtime-settings.dev3.cian.ru", "https://service.cian.ru", "https://elk.cloud.cian.tech", "https://www.cian.ru", "https://sevastopol.cian.ru"]}
Browsers: [AppInfo { inner: TypedObjectRef { inner: 0x5fd92310a030, type: GDesktopAppInfo } }, AppInfo { inner: TypedObjectRef { inner: 0x5fd92310a2a0, type: GDesktopAppInfo } }]
File uri scheme Some("https")
Browser name: "Google Chrome"
Files: [File { inner: TypedObjectRef { inner: 0x62d634cdc030, type: GDummyFile } }]
Defaults: {"Google Chrome": ["https://grafana.cloud.cian.tech", "https://sre-pager.cian.tech", "https://conf.cian.tech", "https://ci-gitea.cian.tech", "https://meet.google.com", "https://jira.cian.tech", "https://autodeploy-assist.integro.cian.tech", "http://master.runtime-settings.dev3.cian.ru", "https://service.cian.ru", "https://elk.cloud.cian.tech", "https://www.cian.ru", "https://sevastopol.cian.ru"], "FirefoxNightly": ["https://vk.com"]}
Browsers: [AppInfo { inner: TypedObjectRef { inner: 0x62d63488f030, type: GDesktopAppInfo } }, AppInfo { inner: TypedObjectRef { inner: 0x62d63488f2a0, type: GDesktopAppInfo } }]
File uri scheme Some("https")
Browser name: "Google Chrome"
Files: [File { inner: TypedObjectRef { inner: 0x5bdfc4789e30, type: GDummyFile } }]
Defaults: {"FirefoxNightly": ["https://vk.com"], "Google Chrome": ["https://grafana.cloud.cian.tech", "https://sre-pager.cian.tech", "https://conf.cian.tech", "https://ci-gitea.cian.tech", "https://meet.google.com", "https://jira.cian.tech", "https://autodeploy-assist.integro.cian.tech", "http://master.runtime-settings.dev3.cian.ru", "https://service.cian.ru", "https://elk.cloud.cian.tech", "https://www.cian.ru", "https://sevastopol.cian.ru"]}
Browsers: [AppInfo { inner: TypedObjectRef { inner: 0x5bdfc4339030, type: GDesktopAppInfo } }, AppInfo { inner: TypedObjectRef { inner: 0x5bdfc43392a0, type: GDesktopAppInfo } }]
File uri scheme Some("https")
Browser name: "Google Chrome"
Files: [File { inner: TypedObjectRef { inner: 0x647256ddd260, type: GDummyFile } }]
Defaults: {"Google Chrome": ["https://grafana.cloud.cian.tech", "https://sre-pager.cian.tech", "https://conf.cian.tech", "https://ci-gitea.cian.tech", "https://meet.google.com", "https://jira.cian.tech", "https://autodeploy-assist.integro.cian.tech", "http://master.runtime-settings.dev3.cian.ru", "https://service.cian.ru", "https://elk.cloud.cian.tech", "https://www.cian.ru", "https://sevastopol.cian.ru"], "FirefoxNightly": ["https://vk.com"]}
Browsers: [AppInfo { inner: TypedObjectRef { inner: 0x647256aad030, type: GDesktopAppInfo } }, AppInfo { inner: TypedObjectRef { inner: 0x647256aad2a0, type: GDesktopAppInfo } }]
File uri scheme Some("https")
Browser name: "Google Chrome"
Files: [File { inner: TypedObjectRef { inner: 0x60aa836d4860, type: GDummyFile } }]
Defaults: {"FirefoxNightly": ["https://vk.com"], "Google Chrome": ["https://grafana.cloud.cian.tech", "https://sre-pager.cian.tech", "https://conf.cian.tech", "https://ci-gitea.cian.tech", "https://meet.google.com", "https://jira.cian.tech", "https://autodeploy-assist.integro.cian.tech", "http://master.runtime-settings.dev3.cian.ru", "https://service.cian.ru", "https://elk.cloud.cian.tech", "https://www.cian.ru", "https://sevastopol.cian.ru"]}
Browsers: [AppInfo { inner: TypedObjectRef { inner: 0x60aa833c5030, type: GDesktopAppInfo } }, AppInfo { inner: TypedObjectRef { inner: 0x60aa833c52a0, type: GDesktopAppInfo } }]
File uri scheme Some("https")
Browser name: "Google Chrome"
Files: [File { inner: TypedObjectRef { inner: 0x58b1f96f3800, type: GDummyFile } }]
Defaults: {"FirefoxNightly": ["https://vk.com"], "Google Chrome": ["https://grafana.cloud.cian.tech", "https://sre-pager.cian.tech", "https://conf.cian.tech", "https://ci-gitea.cian.tech", "https://meet.google.com", "https://jira.cian.tech", "https://autodeploy-assist.integro.cian.tech", "http://master.runtime-settings.dev3.cian.ru", "https://service.cian.ru", "https://elk.cloud.cian.tech", "https://www.cian.ru", "https://sevastopol.cian.ru"]}
Browsers: [AppInfo { inner: TypedObjectRef { inner: 0x58b1f9539030, type: GDesktopAppInfo } }, AppInfo { inner: TypedObjectRef { inner: 0x58b1f95392a0, type: GDesktopAppInfo } }]
File uri scheme Some("https")
Browser name: "Google Chrome"
Browser name: "FirefoxNightly"
Files: [File { inner: TypedObjectRef { inner: 0x612f06f51660, type: GDummyFile } }]
Defaults: {"Google Chrome": ["https://grafana.cloud.cian.tech", "https://sre-pager.cian.tech", "https://conf.cian.tech", "https://ci-gitea.cian.tech", "https://meet.google.com", "https://jira.cian.tech", "https://autodeploy-assist.integro.cian.tech", "http://master.runtime-settings.dev3.cian.ru", "https://service.cian.ru", "https://elk.cloud.cian.tech", "https://www.cian.ru", "https://sevastopol.cian.ru"], "FirefoxNightly": ["https://vk.com"]}
Browsers: [AppInfo { inner: TypedObjectRef { inner: 0x612f06c68030, type: GDesktopAppInfo } }, AppInfo { inner: TypedObjectRef { inner: 0x612f06c682a0, type: GDesktopAppInfo } }]
File uri scheme Some("https")
Browser name: "Google Chrome"
Files: [File { inner: TypedObjectRef { inner: 0x60096a22f060, type: GDummyFile } }]
Defaults: {"Google Chrome": ["https://grafana.cloud.cian.tech", "https://sre-pager.cian.tech", "https://conf.cian.tech", "https://ci-gitea.cian.tech", "https://meet.google.com", "https://jira.cian.tech", "https://autodeploy-assist.integro.cian.tech", "http://master.runtime-settings.dev3.cian.ru", "https://service.cian.ru", "https://elk.cloud.cian.tech", "https://www.cian.ru", "https://sevastopol.cian.ru"], "FirefoxNightly": ["https://vk.com"]}
Browsers: [AppInfo { inner: TypedObjectRef { inner: 0x600969f45030, type: GDesktopAppInfo } }, AppInfo { inner: TypedObjectRef { inner: 0x600969f452a0, type: GDesktopAppInfo } }]
File uri scheme Some("https")
Browser name: "Google Chrome"
Files: [File { inner: TypedObjectRef { inner: 0x6137d51498d0, type: GDummyFile } }]
Defaults: {"FirefoxNightly": ["https://vk.com"], "Google Chrome": ["https://grafana.cloud.cian.tech", "https://sre-pager.cian.tech", "https://conf.cian.tech", "https://ci-gitea.cian.tech", "https://meet.google.com", "https://jira.cian.tech", "https://autodeploy-assist.integro.cian.tech", "http://master.runtime-settings.dev3.cian.ru", "https://service.cian.ru", "https://elk.cloud.cian.tech", "https://www.cian.ru", "https://sevastopol.cian.ru"]}
Browsers: [AppInfo { inner: TypedObjectRef { inner: 0x6137d4e20830, type: GDesktopAppInfo } }, AppInfo { inner: TypedObjectRef { inner: 0x6137d4e20aa0, type: GDesktopAppInfo } }, AppInfo { inner: TypedObjectRef { inner: 0x6137d4e20c40, type: GDesktopAppInfo } }, AppInfo { inner: TypedObjectRef { inner: 0x6137d4e20d10, type: GDesktopAppInfo } }, AppInfo { inner: TypedObjectRef { inner: 0x6137d4e20b70, type: GDesktopAppInfo } }, AppInfo { inner: TypedObjectRef { inner: 0x6137d4e20de0, type: GDesktopAppInfo } }, AppInfo { inner: TypedObjectRef { inner: 0x6137d4e20eb0, type: GDesktopAppInfo } }, AppInfo { inner: TypedObjectRef { inner: 0x6137d4e49800, type: GDesktopAppInfo } }]
File uri scheme Some("https")
Browser name: "Google Chrome"
Files: [File { inner: TypedObjectRef { inner: 0x5999f9665470, type: GDummyFile } }]
Defaults: {"FirefoxNightly": ["https://vk.com"], "Google Chrome": ["https://grafana.cloud.cian.tech", "https://sre-pager.cian.tech", "https://conf.cian.tech", "https://ci-gitea.cian.tech", "https://meet.google.com", "https://jira.cian.tech", "https://autodeploy-assist.integro.cian.tech", "http://master.runtime-settings.dev3.cian.ru", "https://service.cian.ru", "https://elk.cloud.cian.tech", "https://www.cian.ru", "https://sevastopol.cian.ru"]}
Browsers: [AppInfo { inner: TypedObjectRef { inner: 0x5999f91ea830, type: GDesktopAppInfo } }, AppInfo { inner: TypedObjectRef { inner: 0x5999f91eaaa0, type: GDesktopAppInfo } }, AppInfo { inner: TypedObjectRef { inner: 0x5999f91eac40, type: GDesktopAppInfo } }, AppInfo { inner: TypedObjectRef { inner: 0x5999f91ead10, type: GDesktopAppInfo } }, AppInfo { inner: TypedObjectRef { inner: 0x5999f91eab70, type: GDesktopAppInfo } }, AppInfo { inner: TypedObjectRef { inner: 0x5999f91eade0, type: GDesktopAppInfo } }, AppInfo { inner: TypedObjectRef { inner: 0x5999f91eaeb0, type: GDesktopAppInfo } }, AppInfo { inner: TypedObjectRef { inner: 0x5999f9213800, type: GDesktopAppInfo } }]
File uri scheme Some("https")
Browser name: "Google Chrome"
Files: [File { inner: TypedObjectRef { inner: 0x5d90777e08a0, type: GDummyFile } }]
Defaults: {"FirefoxNightly": ["https://vk.com"], "Google Chrome": ["https://grafana.cloud.cian.tech", "https://sre-pager.cian.tech", "https://conf.cian.tech", "https://ci-gitea.cian.tech", "https://meet.google.com", "https://jira.cian.tech", "https://autodeploy-assist.integro.cian.tech", "http://master.runtime-settings.dev3.cian.ru", "https://service.cian.ru", "https://elk.cloud.cian.tech", "https://www.cian.ru", "https://sevastopol.cian.ru"]}
Browsers: [AppInfo { inner: TypedObjectRef { inner: 0x5d90773fa830, type: GDesktopAppInfo } }, AppInfo { inner: TypedObjectRef { inner: 0x5d90773faaa0, type: GDesktopAppInfo } }, AppInfo { inner: TypedObjectRef { inner: 0x5d90773fac40, type: GDesktopAppInfo } }, AppInfo { inner: TypedObjectRef { inner: 0x5d90773fad10, type: GDesktopAppInfo } }, AppInfo { inner: TypedObjectRef { inner: 0x5d90773fab70, type: GDesktopAppInfo } }, AppInfo { inner: TypedObjectRef { inner: 0x5d90773fade0, type: GDesktopAppInfo } }, AppInfo { inner: TypedObjectRef { inner: 0x5d90773faeb0, type: GDesktopAppInfo } }, AppInfo { inner: TypedObjectRef { inner: 0x5d9077423800, type: GDesktopAppInfo } }]
File uri scheme Some("https")
Browser name: "Google Chrome"
Files: [File { inner: TypedObjectRef { inner: 0x5dcede5eb300, type: GDummyFile } }]
Defaults: {"FirefoxNightly": ["https://vk.com"], "Google Chrome": ["https://grafana.cloud.cian.tech", "https://sre-pager.cian.tech", "https://conf.cian.tech", "https://ci-gitea.cian.tech", "https://meet.google.com", "https://jira.cian.tech", "https://autodeploy-assist.integro.cian.tech", "http://master.runtime-settings.dev3.cian.ru", "https://service.cian.ru", "https://elk.cloud.cian.tech", "https://www.cian.ru", "https://sevastopol.cian.ru"]}
Browsers: [AppInfo { inner: TypedObjectRef { inner: 0x5dcede2d3830, type: GDesktopAppInfo } }, AppInfo { inner: TypedObjectRef { inner: 0x5dcede2d3aa0, type: GDesktopAppInfo } }, AppInfo { inner: TypedObjectRef { inner: 0x5dcede2d3c40, type: GDesktopAppInfo } }, AppInfo { inner: TypedObjectRef { inner: 0x5dcede2d3d10, type: GDesktopAppInfo } }, AppInfo { inner: TypedObjectRef { inner: 0x5dcede2d3b70, type: GDesktopAppInfo } }, AppInfo { inner: TypedObjectRef { inner: 0x5dcede2d3de0, type: GDesktopAppInfo } }, AppInfo { inner: TypedObjectRef { inner: 0x5dcede2d3eb0, type: GDesktopAppInfo } }, AppInfo { inner: TypedObjectRef { inner: 0x5dcede2fc800, type: GDesktopAppInfo } }]
File uri scheme Some("https")
Browser name: "Google Chrome"
Files: [File { inner: TypedObjectRef { inner: 0x5aee3e58fed0, type: GDummyFile } }]
Defaults: {"Google Chrome": ["https://grafana.cloud.cian.tech", "https://sre-pager.cian.tech", "https://conf.cian.tech", "https://ci-gitea.cian.tech", "https://meet.google.com", "https://jira.cian.tech", "https://autodeploy-assist.integro.cian.tech", "http://master.runtime-settings.dev3.cian.ru", "https://service.cian.ru", "https://elk.cloud.cian.tech", "https://www.cian.ru", "https://sevastopol.cian.ru"], "FirefoxNightly": ["https://vk.com"]}
Browsers: [AppInfo { inner: TypedObjectRef { inner: 0x5aee3e120830, type: GDesktopAppInfo } }, AppInfo { inner: TypedObjectRef { inner: 0x5aee3e120aa0, type: GDesktopAppInfo } }, AppInfo { inner: TypedObjectRef { inner: 0x5aee3e120c40, type: GDesktopAppInfo } }, AppInfo { inner: TypedObjectRef { inner: 0x5aee3e120d10, type: GDesktopAppInfo } }, AppInfo { inner: TypedObjectRef { inner: 0x5aee3e120b70, type: GDesktopAppInfo } }, AppInfo { inner: TypedObjectRef { inner: 0x5aee3e120de0, type: GDesktopAppInfo } }, AppInfo { inner: TypedObjectRef { inner: 0x5aee3e120eb0, type: GDesktopAppInfo } }, AppInfo { inner: TypedObjectRef { inner: 0x5aee3e149800, type: GDesktopAppInfo } }]
File uri scheme Some("https")
Browser name: "Google Chrome"
Files: [File { inner: TypedObjectRef { inner: 0x58f111390c70, type: GDummyFile } }]
Defaults: {"FirefoxNightly": ["https://vk.com"], "Google Chrome": ["https://grafana.cloud.cian.tech", "https://sre-pager.cian.tech", "https://conf.cian.tech", "https://ci-gitea.cian.tech", "https://meet.google.com", "https://jira.cian.tech", "https://autodeploy-assist.integro.cian.tech", "http://master.runtime-settings.dev3.cian.ru", "https://service.cian.ru", "https://elk.cloud.cian.tech", "https://www.cian.ru", "https://sevastopol.cian.ru"]}
Browsers: [AppInfo { inner: TypedObjectRef { inner: 0x58f111064830, type: GDesktopAppInfo } }, AppInfo { inner: TypedObjectRef { inner: 0x58f111064aa0, type: GDesktopAppInfo } }, AppInfo { inner: TypedObjectRef { inner: 0x58f111064c40, type: GDesktopAppInfo } }, AppInfo { inner: TypedObjectRef { inner: 0x58f111064d10, type: GDesktopAppInfo } }, AppInfo { inner: TypedObjectRef { inner: 0x58f111064b70, type: GDesktopAppInfo } }, AppInfo { inner: TypedObjectRef { inner: 0x58f111064de0, type: GDesktopAppInfo } }, AppInfo { inner: TypedObjectRef { inner: 0x58f111064eb0, type: GDesktopAppInfo } }, AppInfo { inner: TypedObjectRef { inner: 0x58f11108d800, type: GDesktopAppInfo } }]
File uri scheme Some("https")
Browser name: "Google Chrome"
Files: [File { inner: TypedObjectRef { inner: 0x5fcd284d80a0, type: GDummyFile } }]
Defaults: {"Google Chrome": ["https://grafana.cloud.cian.tech", "https://sre-pager.cian.tech", "https://conf.cian.tech", "https://ci-gitea.cian.tech", "https://meet.google.com", "https://jira.cian.tech", "https://autodeploy-assist.integro.cian.tech", "http://master.runtime-settings.dev3.cian.ru", "https://service.cian.ru", "https://elk.cloud.cian.tech", "https://www.cian.ru", "https://sevastopol.cian.ru"], "FirefoxNightly": ["https://vk.com"]}
Browsers: [AppInfo { inner: TypedObjectRef { inner: 0x5fcd28300830, type: GDesktopAppInfo } }, AppInfo { inner: TypedObjectRef { inner: 0x5fcd28300aa0, type: GDesktopAppInfo } }, AppInfo { inner: TypedObjectRef { inner: 0x5fcd28300c40, type: GDesktopAppInfo } }, AppInfo { inner: TypedObjectRef { inner: 0x5fcd28300d10, type: GDesktopAppInfo } }, AppInfo { inner: TypedObjectRef { inner: 0x5fcd28300b70, type: GDesktopAppInfo } }, AppInfo { inner: TypedObjectRef { inner: 0x5fcd28300de0, type: GDesktopAppInfo } }, AppInfo { inner: TypedObjectRef { inner: 0x5fcd28300eb0, type: GDesktopAppInfo } }, AppInfo { inner: TypedObjectRef { inner: 0x5fcd28329800, type: GDesktopAppInfo } }]
File uri scheme Some("https")
Browser name: "Google Chrome"
Files: [File { inner: TypedObjectRef { inner: 0x5b1214837cd0, type: GDummyFile } }]
Defaults: {"Google Chrome": ["https://grafana.cloud.cian.tech", "https://sre-pager.cian.tech", "https://conf.cian.tech", "https://ci-gitea.cian.tech", "https://meet.google.com", "https://jira.cian.tech", "https://autodeploy-assist.integro.cian.tech", "http://master.runtime-settings.dev3.cian.ru", "https://service.cian.ru", "https://elk.cloud.cian.tech", "https://www.cian.ru", "https://sevastopol.cian.ru"], "FirefoxNightly": ["https://vk.com"]}
Browsers: [AppInfo { inner: TypedObjectRef { inner: 0x5b1214491830, type: GDesktopAppInfo } }, AppInfo { inner: TypedObjectRef { inner: 0x5b1214491aa0, type: GDesktopAppInfo } }, AppInfo { inner: TypedObjectRef { inner: 0x5b1214491c40, type: GDesktopAppInfo } }, AppInfo { inner: TypedObjectRef { inner: 0x5b1214491d10, type: GDesktopAppInfo } }, AppInfo { inner: TypedObjectRef { inner: 0x5b1214491b70, type: GDesktopAppInfo } }, AppInfo { inner: TypedObjectRef { inner: 0x5b1214491de0, type: GDesktopAppInfo } }, AppInfo { inner: TypedObjectRef { inner: 0x5b1214491eb0, type: GDesktopAppInfo } }, AppInfo { inner: TypedObjectRef { inner: 0x5b12144ba800, type: GDesktopAppInfo } }]
File uri scheme Some("https")
Browser name: "Google Chrome"
Files: [File { inner: TypedObjectRef { inner: 0x5c1b001a84d0, type: GDummyFile } }]
Defaults: {"FirefoxNightly": ["https://vk.com"], "Google Chrome": ["https://grafana.cloud.cian.tech", "https://sre-pager.cian.tech", "https://conf.cian.tech", "https://ci-gitea.cian.tech", "https://meet.google.com", "https://jira.cian.tech", "https://autodeploy-assist.integro.cian.tech", "http://master.runtime-settings.dev3.cian.ru", "https://service.cian.ru", "https://elk.cloud.cian.tech", "https://www.cian.ru", "https://sevastopol.cian.ru"]}
Browsers: [AppInfo { inner: TypedObjectRef { inner: 0x5c1affd33830, type: GDesktopAppInfo } }, AppInfo { inner: TypedObjectRef { inner: 0x5c1affd33aa0, type: GDesktopAppInfo } }, AppInfo { inner: TypedObjectRef { inner: 0x5c1affd33c40, type: GDesktopAppInfo } }, AppInfo { inner: TypedObjectRef { inner: 0x5c1affd33d10, type: GDesktopAppInfo } }, AppInfo { inner: TypedObjectRef { inner: 0x5c1affd33b70, type: GDesktopAppInfo } }, AppInfo { inner: TypedObjectRef { inner: 0x5c1affd33de0, type: GDesktopAppInfo } }, AppInfo { inner: TypedObjectRef { inner: 0x5c1affd33eb0, type: GDesktopAppInfo } }, AppInfo { inner: TypedObjectRef { inner: 0x5c1affd5c800, type: GDesktopAppInfo } }]
File uri scheme Some("https")
Browser name: "Google Chrome"
Files: [File { inner: TypedObjectRef { inner: 0x5ecfcd8c38d0, type: GDummyFile } }]
Defaults: {"Google Chrome": ["https://grafana.cloud.cian.tech", "https://sre-pager.cian.tech", "https://conf.cian.tech", "https://ci-gitea.cian.tech", "https://meet.google.com", "https://jira.cian.tech", "https://autodeploy-assist.integro.cian.tech", "http://master.runtime-settings.dev3.cian.ru", "https://service.cian.ru", "https://elk.cloud.cian.tech", "https://www.cian.ru", "https://sevastopol.cian.ru"], "FirefoxNightly": ["https://vk.com"]}
Browsers: [AppInfo { inner: TypedObjectRef { inner: 0x5ecfcd5c0830, type: GDesktopAppInfo } }, AppInfo { inner: TypedObjectRef { inner: 0x5ecfcd5c0aa0, type: GDesktopAppInfo } }, AppInfo { inner: TypedObjectRef { inner: 0x5ecfcd5c0c40, type: GDesktopAppInfo } }, AppInfo { inner: TypedObjectRef { inner: 0x5ecfcd5c0d10, type: GDesktopAppInfo } }, AppInfo { inner: TypedObjectRef { inner: 0x5ecfcd5c0b70, type: GDesktopAppInfo } }, AppInfo { inner: TypedObjectRef { inner: 0x5ecfcd5c0de0, type: GDesktopAppInfo } }, AppInfo { inner: TypedObjectRef { inner: 0x5ecfcd5c0eb0, type: GDesktopAppInfo } }, AppInfo { inner: TypedObjectRef { inner: 0x5ecfcd5e9800, type: GDesktopAppInfo } }]
File uri scheme Some("https")
Browser name: "Google Chrome"
Files: [File { inner: TypedObjectRef { inner: 0x6371ab6876d0, type: GDummyFile } }]
Defaults: {"Google Chrome": ["https://grafana.cloud.cian.tech", "https://sre-pager.cian.tech", "https://conf.cian.tech", "https://ci-gitea.cian.tech", "https://meet.google.com", "https://jira.cian.tech", "https://autodeploy-assist.integro.cian.tech", "http://master.runtime-settings.dev3.cian.ru", "https://service.cian.ru", "https://elk.cloud.cian.tech", "https://www.cian.ru", "https://sevastopol.cian.ru"], "FirefoxNightly": ["https://vk.com"]}
Browsers: [AppInfo { inner: TypedObjectRef { inner: 0x6371ab2e3830, type: GDesktopAppInfo } }, AppInfo { inner: TypedObjectRef { inner: 0x6371ab2e3aa0, type: GDesktopAppInfo } }, AppInfo { inner: TypedObjectRef { inner: 0x6371ab2e3c40, type: GDesktopAppInfo } }, AppInfo { inner: TypedObjectRef { inner: 0x6371ab2e3d10, type: GDesktopAppInfo } }, AppInfo { inner: TypedObjectRef { inner: 0x6371ab2e3b70, type: GDesktopAppInfo } }, AppInfo { inner: TypedObjectRef { inner: 0x6371ab2e3de0, type: GDesktopAppInfo } }, AppInfo { inner: TypedObjectRef { inner: 0x6371ab2e3eb0, type: GDesktopAppInfo } }, AppInfo { inner: TypedObjectRef { inner: 0x6371ab30c800, type: GDesktopAppInfo } }]
File uri scheme Some("https")
Browser name: "Google Chrome"
Files: [File { inner: TypedObjectRef { inner: 0x57ec2207b6a0, type: GDummyFile } }]
Defaults: {"FirefoxNightly": ["https://vk.com"], "Google Chrome": ["https://grafana.cloud.cian.tech", "https://sre-pager.cian.tech", "https://conf.cian.tech", "https://ci-gitea.cian.tech", "https://meet.google.com", "https://jira.cian.tech", "https://autodeploy-assist.integro.cian.tech", "http://master.runtime-settings.dev3.cian.ru", "https://service.cian.ru", "https://elk.cloud.cian.tech", "https://www.cian.ru", "https://sevastopol.cian.ru"]}
Browsers: [AppInfo { inner: TypedObjectRef { inner: 0x57ec21d52830, type: GDesktopAppInfo } }, AppInfo { inner: TypedObjectRef { inner: 0x57ec21d52aa0, type: GDesktopAppInfo } }, AppInfo { inner: TypedObjectRef { inner: 0x57ec21d52c40, type: GDesktopAppInfo } }, AppInfo { inner: TypedObjectRef { inner: 0x57ec21d52d10, type: GDesktopAppInfo } }, AppInfo { inner: TypedObjectRef { inner: 0x57ec21d52b70, type: GDesktopAppInfo } }, AppInfo { inner: TypedObjectRef { inner: 0x57ec21d52de0, type: GDesktopAppInfo } }, AppInfo { inner: TypedObjectRef { inner: 0x57ec21d52eb0, type: GDesktopAppInfo } }, AppInfo { inner: TypedObjectRef { inner: 0x57ec21d7b800, type: GDesktopAppInfo } }]
File uri scheme Some("https")
Browser name: "Google Chrome"
